#
# A fatal error has been detected by the Java Runtime Environment:
#
#  SIGSEGV (0xb) at pc=0x00007fff6b270678, pid=12082, tid=47875
#
# JRE version: OpenJDK Runtime Environment (15.0.1+9) (build 15.0.1+9)
# Java VM: OpenJDK 64-Bit Server VM (15.0.1+9, mixed mode, sharing, tiered, compressed oops, g1 gc, bsd-amd64)
# Problematic frame:
# C  [libobjc.A.dylib+0x8678]  objc_release+0x18
#
# No core dump will be written. Core dumps have been disabled. To enable core dumping, try "ulimit -c unlimited" before starting Java again
#
# If you would like to submit a bug report, please visit:
#   https://bugreport.java.com/bugreport/crash.jsp
#

---------------  S U M M A R Y ------------

Command Line: --add-modules=javafx.controls,javafx.swing --module-path=/Users/debailleuxjonathan/.gradle/caches/modules-2/files-2.1/org.openjfx/javafx-swing/15.0.1/1dcabb4f0d50c00fc9cc92306131762fc4977abd/javafx-swing-15.0.1-mac.jar:/Users/debailleuxjonathan/.gradle/caches/modules-2/files-2.1/org.openjfx/javafx-controls/15.0.1/cb743a50156d7eca281bfc3547aff4d146972e02/javafx-controls-15.0.1-mac.jar:/Users/debailleuxjonathan/.gradle/caches/modules-2/files-2.1/org.openjfx/javafx-graphics/15.0.1/98ced13a06ad705ce0014df60794cedbf297080b/javafx-graphics-15.0.1-mac.jar:/Users/debailleuxjonathan/.gradle/caches/modules-2/files-2.1/org.openjfx/javafx-base/15.0.1/b91bc3dfc230b46f11146686648a42921de0c23/javafx-base-15.0.1-mac.jar -Dfile.encoding=UTF-8 -Duser.country=FR -Duser.language=fr -Duser.variant Main

Host: MacBookPro16,3 x86_64 1400 MHz, 8 cores, 8G, Darwin 19.5.0
Time: Fri Jan 22 12:37:31 2021 CET elapsed time: 11.517127 seconds (0d 0h 0m 11s)

---------------  T H R E A D  ---------------

Current thread is native thread

Stack: [0x000070000d199000,0x000070000d219000],  sp=0x000070000d218888,  free space=510k
Native frames: (J=compiled Java code, A=aot compiled Java code, j=interpreted, Vv=VM code, C=native code)
C  [libobjc.A.dylib+0x8678]  objc_release+0x18
C  [AVFoundation+0x12fbbe]  __49-[AVCaptureVideoDataOutput _render:sampleBuffer:]_block_invoke+0xe4
C  [libdispatch.dylib+0x16c4]  _dispatch_call_block_and_release+0xc
C  [libdispatch.dylib+0x2658]  _dispatch_client_callout+0x8
C  [libdispatch.dylib+0x7c44]  _dispatch_lane_serial_drain+0x255
C  [libdispatch.dylib+0x85d6]  _dispatch_lane_invoke+0x16b
C  [libdispatch.dylib+0x11c09]  _dispatch_workloop_worker_thread+0x254
C  [libsystem_pthread.dylib+0x2a3d]  _pthread_wqthread+0x122
C  [libsystem_pthread.dylib+0x1b77]  start_wqthread+0xf


siginfo: si_signo: 11 (SIGSEGV), si_code: 1 (SEGV_MAPERR), si_addr: 0x000000004d555478

Registers:
RAX=0x000000004d555458, RBX=0x00007fac30aba160, RCX=0x00007fff89da5428, RDX=0x00007fff89da8aa0
RSP=0x000070000d218888, RBP=0x000070000d2188c0, RSI=0x0000040000000400, RDI=0x00007fac36e6a080
R8 =0x0000000000a1bfac, R9 =0xffffffff00000000, R10=0x00007fac30aba368, R11=0x00007fff34a97775
R12=0x0000000000000018, R13=0x00007fff6b26e800, R14=0x00007fac3274a9c0, R15=0x0000000000000008
RIP=0x00007fff6b270678, EFLAGS=0x0000000000010202, ERR=0x0000000000000004
  TRAPNO=0x000000000000000e

Top of Stack: (sp=0x000070000d218888)
0x000070000d218888:   000000014f8c5a70 0000000000000001
0x000070000d218898:   00007fac30a7eb90 00007fff6b26e800
0x000070000d2188a8:   00007fff766bc1d9 00007fac3274ad10
0x000070000d2188b8:   00007fac3274a1e0 000070000d218920
0x000070000d2188c8:   00007fff2dd76bbe 000070000d218940
0x000070000d2188d8:   00007fac2c9f4040 00007fff7688d6a8
0x000070000d2188e8:   00007fff766bb925 00007fff7688d6dc
0x000070000d2188f8:   00007fac3274a1e0 0000000000000000
0x000070000d218908:   0000000000000114 0000000000000000
0x000070000d218918:   0000000000000000 000070000d218940
0x000070000d218928:   00007fff6c3c86c4 000000010760e880
0x000070000d218938:   000000010760e840 000070000d218960
0x000070000d218948:   00007fff6c3c9658 000000010760e880
0x000070000d218958:   000000010760e840 000070000d2189f0
0x000070000d218968:   00007fff6c3cec44 00007fff92b9e4c0
0x000070000d218978:   00007fac30abaaf0 00007fff92b9e4c0
0x000070000d218988:   0000000000000000 000070000d218a00
0x000070000d218998:   0000000000000000 000070000d218a30
0x000070000d2189a8:   000100000d218a80 000070000d218a80
0x000070000d2189b8:   00007fac30abab58 000300020d218a00
0x000070000d2189c8:   0000000000030002 00007fac30abaaf0
0x000070000d2189d8:   00007fff92b9e4c0 0000000000000002
0x000070000d2189e8:   000070000d218a80 000070000d218a60
0x000070000d2189f8:   00007fff6c3cf5d6 0000000000000000
0x000070000d218a08:   0000000000000000 00007fac30abab28
0x000070000d218a18:   0000003700000001 0000000084004000
0x000070000d218a28:   000300026c3e460e 0040020000000001
0x000070000d218a38:   007fffffffffffff 00007fac30abaaf0
0x000070000d218a48:   00007fac30abaaf0 000070000d218a80
0x000070000d218a58:   0000002000000000 000070000d218b10
0x000070000d218a68:   00007fff6c3d8c09 0000811a92b9e0c0
0x000070000d218a78:   ffffcbf8ffffe6ee 0000000000000000 

Instructions: (pc=0x00007fff6b270678)
0x00007fff6b270578:   90 90 90 90 90 90 66 83 7f 0e 00 74 03 31 c0 c3
0x00007fff6b270588:   48 8b 07 8b 57 08 48 8d 0d ab db 01 00 85 d2 74
0x00007fff6b270598:   38 8b 57 08 ff c2 81 fa 02 04 00 00 72 2b 31 f6
0x00007fff6b2705a8:   89 d7 48 89 f1 d1 ef 48 ff c6 83 fa 03 89 fa 77
0x00007fff6b2705b8:   f1 3b 35 d9 f7 7e 27 73 0e 48 8b 15 d8 f7 7e 27
0x00007fff6b2705c8:   48 8b 4c ca 08 eb 02 31 c9 48 39 c1 0f 94 c0 c3
0x00007fff6b2705d8:   90 90 90 90 90 90 90 90 90 90 90 90 90 90 55 48
0x00007fff6b2705e8:   89 e5 41 56 53 89 fb 41 89 fe 49 c1 e6 04 be 01
0x00007fff6b2705f8:   00 00 00 4c 89 f7 e8 5d d4 01 00 49 89 44 06 f8
0x00007fff6b270608:   49 c7 44 06 f0 01 00 00 00 80 3d 92 f9 7e 27 00
0x00007fff6b270618:   74 2e 31 c9 83 fb 02 72 14 31 c9 89 da d1 ea ff
0x00007fff6b270628:   c1 83 fb 03 89 d3 77 f5 83 f9 0f 77 0c 89 c9 48
0x00007fff6b270638:   8d 15 12 f7 7e 27 ff 04 8a 48 ff 05 48 f7 7e 27
0x00007fff6b270648:   5b 41 5e 5d c3 90 90 90 90 90 90 90 90 90 90 90
0x00007fff6b270658:   90 90 e9 60 3e 00 00 90 48 85 ff 74 64 40 f6 c7
0x00007fff6b270668:   01 75 5e 48 b8 f8 ff ff ff ff 7f 00 00 48 23 07
0x00007fff6b270678:   f6 40 20 04 74 69 48 b9 00 00 00 00 00 00 00 01
0x00007fff6b270688:   48 ba 00 00 00 00 00 00 40 00 48 8b 07 a8 01 74
0x00007fff6b270698:   3e 48 89 c6 48 29 ce 73 21 48 0f ba e0 37 72 4c
0x00007fff6b2706a8:   48 0f ba e0 36 0f 82 ab b0 01 00 48 89 c6 48 09
0x00007fff6b2706b8:   d6 f0 48 0f b1 37 75 d2 eb 08 f0 48 0f b1 37 75
0x00007fff6b2706c8:   c9 c3 48 8b 35 1f e8 7e 27 ff 25 a1 c9 7e 27 f6
0x00007fff6b2706d8:   40 1c 01 75 ec be 01 00 00 00 e9 e7 56 00 00 48
0x00007fff6b2706e8:   8b 35 32 e7 7e 27 ff 25 84 c9 7e 27 be 01 00 00
0x00007fff6b2706f8:   00 e9 e8 59 00 00 90 90 90 e9 04 00 00 00 90 90
0x00007fff6b270708:   90 90 55 48 89 e5 53 50 48 89 fb f6 c3 01 75 21
0x00007fff6b270718:   48 b8 07 00 00 00 00 00 a0 00 48 23 03 48 83 f8
0x00007fff6b270728:   01 75 15 48 89 df 48 83 c4 08 5b 5d e9 7b d3 01
0x00007fff6b270738:   00 48 83 c4 08 5b 5d c3 48 89 df e8 3a 00 00 00
0x00007fff6b270748:   eb e1 90 90 90 90 90 90 48 85 ff 74 1c 55 48 89
0x00007fff6b270758:   e5 53 50 48 89 fb e8 1f 00 00 00 48 89 df e8 49
0x00007fff6b270768:   d3 01 00 48 83 c4 08 5b 5d 31 c0 c3 90 90 90 90 



---------------  P R O C E S S  ---------------

VM state: not at safepoint (normal execution)

VM Mutex/Monitor currently owned by a thread: None

Heap address: 0x0000000780000000, size: 2048 MB, Compressed Oops mode: Zero based, Oop shift amount: 3
CDS archive(s) mapped at: [0x0000000800000000-0x0000000800b2d000-0x0000000800b2d000), size 11718656, SharedBaseAddress: 0x0000000800000000, ArchiveRelocationMode: 0.
Compressed class space mapped at: 0x0000000800b30000-0x0000000840b30000, size: 1073741824
Narrow klass base: 0x0000000800000000, Narrow klass shift: 3, Narrow klass range: 0x100000000

GC Precious Log:
 CPUs: 8 total, 8 available
 Memory: 8192M
 Large Page Support: Disabled
 NUMA Support: Disabled
 Compressed Oops: Enabled (Zero based)
 Heap Region Size: 1M
 Heap Min Capacity: 8M
 Heap Initial Capacity: 128M
 Heap Max Capacity: 2G
 Pre-touch: Disabled
 Parallel Workers: 8
 Concurrent Workers: 2
 Concurrent Refinement Workers: 8
 Periodic GC: Disabled

Heap:
 garbage-first heap   total 188416K, used 51984K [0x0000000780000000, 0x0000000800000000)
  region size 1024K, 2 young (2048K), 1 survivors (1024K)
 Metaspace       used 25695K, capacity 25943K, committed 26624K, reserved 1073152K
  class space    used 2919K, capacity 2989K, committed 3072K, reserved 1048576K

Heap Regions: E=young(eden), S=young(survivor), O=old, HS=humongous(starts), HC=humongous(continues), CS=collection set, F=free, OA=open archive, CA=closed archive, TAMS=top-at-mark-start (previous, next)
|   0|0x0000000780000000, 0x0000000780100000, 0x0000000780100000|100%| O|  |TAMS 0x0000000780100000, 0x0000000780000000| Untracked 
|   1|0x0000000780100000, 0x0000000780200000, 0x0000000780200000|100%| O|  |TAMS 0x0000000780200000, 0x0000000780100000| Untracked 
|   2|0x0000000780200000, 0x0000000780300000, 0x0000000780300000|100%| O|  |TAMS 0x0000000780300000, 0x0000000780200000| Untracked 
|   3|0x0000000780300000, 0x0000000780400000, 0x0000000780400000|100%| O|  |TAMS 0x0000000780400000, 0x0000000780300000| Untracked 
|   4|0x0000000780400000, 0x0000000780500000, 0x0000000780500000|100%| O|  |TAMS 0x0000000780500000, 0x0000000780400000| Untracked 
|   5|0x0000000780500000, 0x0000000780600000, 0x0000000780600000|100%| O|  |TAMS 0x0000000780600000, 0x0000000780500000| Untracked 
|   6|0x0000000780600000, 0x000000078063c600, 0x0000000780700000| 23%| O|  |TAMS 0x000000078063c600, 0x0000000780600000| Untracked 
|   7|0x0000000780700000, 0x0000000780700000, 0x0000000780800000|  0%| F|  |TAMS 0x0000000780700000, 0x0000000780700000| Untracked 
|   8|0x0000000780800000, 0x0000000780800000, 0x0000000780900000|  0%| F|  |TAMS 0x0000000780800000, 0x0000000780800000| Untracked 
|   9|0x0000000780900000, 0x0000000780a00000, 0x0000000780a00000|100%|HS|  |TAMS 0x0000000780a00000, 0x0000000780900000| Complete 
|  10|0x0000000780a00000, 0x0000000780b00000, 0x0000000780b00000|100%|HC|  |TAMS 0x0000000780b00000, 0x0000000780a00000| Complete 
|  11|0x0000000780b00000, 0x0000000780c00000, 0x0000000780c00000|100%|HC|  |TAMS 0x0000000780c00000, 0x0000000780b00000| Complete 
|  12|0x0000000780c00000, 0x0000000780d00000, 0x0000000780d00000|100%|HS|  |TAMS 0x0000000780d00000, 0x0000000780c00000| Complete 
|  13|0x0000000780d00000, 0x0000000780e00000, 0x0000000780e00000|100%|HC|  |TAMS 0x0000000780e00000, 0x0000000780d00000| Complete 
|  14|0x0000000780e00000, 0x0000000780f00000, 0x0000000780f00000|100%|HC|  |TAMS 0x0000000780f00000, 0x0000000780e00000| Complete 
|  15|0x0000000780f00000, 0x0000000781000000, 0x0000000781000000|100%|HS|  |TAMS 0x0000000781000000, 0x0000000780f00000| Complete 
|  16|0x0000000781000000, 0x0000000781100000, 0x0000000781100000|100%|HC|  |TAMS 0x0000000781100000, 0x0000000781000000| Complete 
|  17|0x0000000781100000, 0x00000007811b9600, 0x0000000781200000| 72%| O|  |TAMS 0x00000007811b9600, 0x0000000781100000| Untracked 
|  18|0x0000000781200000, 0x0000000781300000, 0x0000000781300000|100%|HS|  |TAMS 0x0000000781300000, 0x0000000781200000| Complete 
|  19|0x0000000781300000, 0x0000000781400000, 0x0000000781400000|100%|HC|  |TAMS 0x0000000781400000, 0x0000000781300000| Complete 
|  20|0x0000000781400000, 0x0000000781500000, 0x0000000781500000|100%|HC|  |TAMS 0x0000000781500000, 0x0000000781400000| Complete 
|  21|0x0000000781500000, 0x0000000781600000, 0x0000000781600000|100%|HC|  |TAMS 0x0000000781600000, 0x0000000781500000| Complete 
|  22|0x0000000781600000, 0x0000000781700000, 0x0000000781700000|100%|HS|  |TAMS 0x0000000781600000, 0x0000000781600000| Complete 
|  23|0x0000000781700000, 0x0000000781800000, 0x0000000781800000|100%|HC|  |TAMS 0x0000000781700000, 0x0000000781700000| Complete 
|  24|0x0000000781800000, 0x0000000781900000, 0x0000000781900000|100%|HC|  |TAMS 0x0000000781800000, 0x0000000781800000| Complete 
|  25|0x0000000781900000, 0x0000000781a00000, 0x0000000781a00000|100%|HC|  |TAMS 0x0000000781900000, 0x0000000781900000| Complete 
|  26|0x0000000781a00000, 0x0000000781a00000, 0x0000000781b00000|  0%| F|  |TAMS 0x0000000781a00000, 0x0000000781a00000| Untracked 
|  27|0x0000000781b00000, 0x0000000781b00000, 0x0000000781c00000|  0%| F|  |TAMS 0x0000000781b00000, 0x0000000781b00000| Untracked 
|  28|0x0000000781c00000, 0x0000000781c00000, 0x0000000781d00000|  0%| F|  |TAMS 0x0000000781c00000, 0x0000000781c00000| Untracked 
|  29|0x0000000781d00000, 0x0000000781d00000, 0x0000000781e00000|  0%| F|  |TAMS 0x0000000781d00000, 0x0000000781d00000| Untracked 
|  30|0x0000000781e00000, 0x0000000781f00000, 0x0000000781f00000|100%|HS|  |TAMS 0x0000000781f00000, 0x0000000781e00000| Complete 
|  31|0x0000000781f00000, 0x0000000782000000, 0x0000000782000000|100%|HC|  |TAMS 0x0000000782000000, 0x0000000781f00000| Complete 
|  32|0x0000000782000000, 0x0000000782100000, 0x0000000782100000|100%|HC|  |TAMS 0x0000000782100000, 0x0000000782000000| Complete 
|  33|0x0000000782100000, 0x0000000782200000, 0x0000000782200000|100%|HC|  |TAMS 0x0000000782200000, 0x0000000782100000| Complete 
|  34|0x0000000782200000, 0x0000000782200000, 0x0000000782300000|  0%| F|  |TAMS 0x0000000782200000, 0x0000000782200000| Untracked 
|  35|0x0000000782300000, 0x0000000782300000, 0x0000000782400000|  0%| F|  |TAMS 0x0000000782300000, 0x0000000782300000| Untracked 
|  36|0x0000000782400000, 0x0000000782400000, 0x0000000782500000|  0%| F|  |TAMS 0x0000000782400000, 0x0000000782400000| Untracked 
|  37|0x0000000782500000, 0x0000000782600000, 0x0000000782600000|100%|HS|  |TAMS 0x0000000782600000, 0x0000000782500000| Complete 
|  38|0x0000000782600000, 0x0000000782700000, 0x0000000782700000|100%|HC|  |TAMS 0x0000000782700000, 0x0000000782600000| Complete 
|  39|0x0000000782700000, 0x0000000782800000, 0x0000000782800000|100%|HC|  |TAMS 0x0000000782800000, 0x0000000782700000| Complete 
|  40|0x0000000782800000, 0x0000000782800000, 0x0000000782900000|  0%| F|  |TAMS 0x0000000782800000, 0x0000000782800000| Untracked 
|  41|0x0000000782900000, 0x0000000782900000, 0x0000000782a00000|  0%| F|  |TAMS 0x0000000782900000, 0x0000000782900000| Untracked 
|  42|0x0000000782a00000, 0x0000000782a00000, 0x0000000782b00000|  0%| F|  |TAMS 0x0000000782a00000, 0x0000000782a00000| Untracked 
|  43|0x0000000782b00000, 0x0000000782b00000, 0x0000000782c00000|  0%| F|  |TAMS 0x0000000782b00000, 0x0000000782b00000| Untracked 
|  44|0x0000000782c00000, 0x0000000782c00000, 0x0000000782d00000|  0%| F|  |TAMS 0x0000000782c00000, 0x0000000782c00000| Untracked 
|  45|0x0000000782d00000, 0x0000000782d00000, 0x0000000782e00000|  0%| F|  |TAMS 0x0000000782d00000, 0x0000000782d00000| Untracked 
|  46|0x0000000782e00000, 0x0000000782e00000, 0x0000000782f00000|  0%| F|  |TAMS 0x0000000782e00000, 0x0000000782e00000| Untracked 
|  47|0x0000000782f00000, 0x0000000782f00000, 0x0000000783000000|  0%| F|  |TAMS 0x0000000782f00000, 0x0000000782f00000| Untracked 
|  48|0x0000000783000000, 0x0000000783100000, 0x0000000783100000|100%|HS|  |TAMS 0x0000000783100000, 0x0000000783000000| Complete 
|  49|0x0000000783100000, 0x0000000783200000, 0x0000000783200000|100%|HC|  |TAMS 0x0000000783200000, 0x0000000783100000| Complete 
|  50|0x0000000783200000, 0x0000000783300000, 0x0000000783300000|100%|HC|  |TAMS 0x0000000783300000, 0x0000000783200000| Complete 
|  51|0x0000000783300000, 0x0000000783400000, 0x0000000783400000|100%|HC|  |TAMS 0x0000000783400000, 0x0000000783300000| Complete 
|  52|0x0000000783400000, 0x0000000783500000, 0x0000000783500000|100%|HS|  |TAMS 0x0000000783500000, 0x0000000783400000| Complete 
|  53|0x0000000783500000, 0x0000000783600000, 0x0000000783600000|100%|HC|  |TAMS 0x0000000783600000, 0x0000000783500000| Complete 
|  54|0x0000000783600000, 0x0000000783700000, 0x0000000783700000|100%|HC|  |TAMS 0x0000000783700000, 0x0000000783600000| Complete 
|  55|0x0000000783700000, 0x0000000783800000, 0x0000000783800000|100%|HC|  |TAMS 0x0000000783800000, 0x0000000783700000| Complete 
|  56|0x0000000783800000, 0x0000000783900000, 0x0000000783900000|100%|HS|  |TAMS 0x0000000783900000, 0x0000000783800000| Complete 
|  57|0x0000000783900000, 0x0000000783a00000, 0x0000000783a00000|100%|HC|  |TAMS 0x0000000783a00000, 0x0000000783900000| Complete 
|  58|0x0000000783a00000, 0x0000000783b00000, 0x0000000783b00000|100%|HC|  |TAMS 0x0000000783b00000, 0x0000000783a00000| Complete 
|  59|0x0000000783b00000, 0x0000000783c00000, 0x0000000783c00000|100%|HS|  |TAMS 0x0000000783c00000, 0x0000000783b00000| Complete 
|  60|0x0000000783c00000, 0x0000000783d00000, 0x0000000783d00000|100%|HC|  |TAMS 0x0000000783d00000, 0x0000000783c00000| Complete 
|  61|0x0000000783d00000, 0x0000000783e00000, 0x0000000783e00000|100%|HC|  |TAMS 0x0000000783e00000, 0x0000000783d00000| Complete 
|  62|0x0000000783e00000, 0x0000000783f00000, 0x0000000783f00000|100%|HC|  |TAMS 0x0000000783f00000, 0x0000000783e00000| Complete 
|  63|0x0000000783f00000, 0x0000000783f00000, 0x0000000784000000|  0%| F|  |TAMS 0x0000000783f00000, 0x0000000783f00000| Untracked 
|  64|0x0000000784000000, 0x0000000784000000, 0x0000000784100000|  0%| F|  |TAMS 0x0000000784000000, 0x0000000784000000| Untracked 
|  65|0x0000000784100000, 0x0000000784100000, 0x0000000784200000|  0%| F|  |TAMS 0x0000000784100000, 0x0000000784100000| Untracked 
|  66|0x0000000784200000, 0x0000000784200000, 0x0000000784300000|  0%| F|  |TAMS 0x0000000784200000, 0x0000000784200000| Untracked 
|  67|0x0000000784300000, 0x0000000784300000, 0x0000000784400000|  0%| F|  |TAMS 0x0000000784300000, 0x0000000784300000| Untracked 
|  68|0x0000000784400000, 0x0000000784400000, 0x0000000784500000|  0%| F|  |TAMS 0x0000000784400000, 0x0000000784400000| Untracked 
|  69|0x0000000784500000, 0x0000000784500000, 0x0000000784600000|  0%| F|  |TAMS 0x0000000784500000, 0x0000000784500000| Untracked 
|  70|0x0000000784600000, 0x0000000784600000, 0x0000000784700000|  0%| F|  |TAMS 0x0000000784600000, 0x0000000784600000| Untracked 
|  71|0x0000000784700000, 0x0000000784700000, 0x0000000784800000|  0%| F|  |TAMS 0x0000000784700000, 0x0000000784700000| Untracked 
|  72|0x0000000784800000, 0x0000000784800000, 0x0000000784900000|  0%| F|  |TAMS 0x0000000784800000, 0x0000000784800000| Untracked 
|  73|0x0000000784900000, 0x0000000784900000, 0x0000000784a00000|  0%| F|  |TAMS 0x0000000784900000, 0x0000000784900000| Untracked 
|  74|0x0000000784a00000, 0x0000000784a00000, 0x0000000784b00000|  0%| F|  |TAMS 0x0000000784a00000, 0x0000000784a00000| Untracked 
|  75|0x0000000784b00000, 0x0000000784b00000, 0x0000000784c00000|  0%| F|  |TAMS 0x0000000784b00000, 0x0000000784b00000| Untracked 
|  76|0x0000000784c00000, 0x0000000784c00000, 0x0000000784d00000|  0%| F|  |TAMS 0x0000000784c00000, 0x0000000784c00000| Untracked 
|  77|0x0000000784d00000, 0x0000000784d00000, 0x0000000784e00000|  0%| F|  |TAMS 0x0000000784d00000, 0x0000000784d00000| Untracked 
|  78|0x0000000784e00000, 0x0000000784e00000, 0x0000000784f00000|  0%| F|  |TAMS 0x0000000784e00000, 0x0000000784e00000| Untracked 
|  79|0x0000000784f00000, 0x0000000784f00000, 0x0000000785000000|  0%| F|  |TAMS 0x0000000784f00000, 0x0000000784f00000| Untracked 
|  80|0x0000000785000000, 0x0000000785000000, 0x0000000785100000|  0%| F|  |TAMS 0x0000000785000000, 0x0000000785000000| Untracked 
|  81|0x0000000785100000, 0x0000000785100000, 0x0000000785200000|  0%| F|  |TAMS 0x0000000785100000, 0x0000000785100000| Untracked 
|  82|0x0000000785200000, 0x0000000785200000, 0x0000000785300000|  0%| F|  |TAMS 0x0000000785200000, 0x0000000785200000| Untracked 
|  83|0x0000000785300000, 0x0000000785300000, 0x0000000785400000|  0%| F|  |TAMS 0x0000000785300000, 0x0000000785300000| Untracked 
|  84|0x0000000785400000, 0x0000000785400000, 0x0000000785500000|  0%| F|  |TAMS 0x0000000785400000, 0x0000000785400000| Untracked 
|  85|0x0000000785500000, 0x0000000785500000, 0x0000000785600000|  0%| F|  |TAMS 0x0000000785500000, 0x0000000785500000| Untracked 
|  86|0x0000000785600000, 0x0000000785600000, 0x0000000785700000|  0%| F|  |TAMS 0x0000000785600000, 0x0000000785600000| Untracked 
|  87|0x0000000785700000, 0x0000000785700000, 0x0000000785800000|  0%| F|  |TAMS 0x0000000785700000, 0x0000000785700000| Untracked 
|  88|0x0000000785800000, 0x0000000785800000, 0x0000000785900000|  0%| F|  |TAMS 0x0000000785800000, 0x0000000785800000| Untracked 
|  89|0x0000000785900000, 0x0000000785900000, 0x0000000785a00000|  0%| F|  |TAMS 0x0000000785900000, 0x0000000785900000| Untracked 
|  90|0x0000000785a00000, 0x0000000785a00000, 0x0000000785b00000|  0%| F|  |TAMS 0x0000000785a00000, 0x0000000785a00000| Untracked 
|  91|0x0000000785b00000, 0x0000000785b00000, 0x0000000785c00000|  0%| F|  |TAMS 0x0000000785b00000, 0x0000000785b00000| Untracked 
|  92|0x0000000785c00000, 0x0000000785c00000, 0x0000000785d00000|  0%| F|  |TAMS 0x0000000785c00000, 0x0000000785c00000| Untracked 
|  93|0x0000000785d00000, 0x0000000785d00000, 0x0000000785e00000|  0%| F|  |TAMS 0x0000000785d00000, 0x0000000785d00000| Untracked 
|  94|0x0000000785e00000, 0x0000000785e00000, 0x0000000785f00000|  0%| F|  |TAMS 0x0000000785e00000, 0x0000000785e00000| Untracked 
|  95|0x0000000785f00000, 0x0000000785f00000, 0x0000000786000000|  0%| F|  |TAMS 0x0000000785f00000, 0x0000000785f00000| Untracked 
|  96|0x0000000786000000, 0x0000000786000000, 0x0000000786100000|  0%| F|  |TAMS 0x0000000786000000, 0x0000000786000000| Untracked 
|  97|0x0000000786100000, 0x0000000786100000, 0x0000000786200000|  0%| F|  |TAMS 0x0000000786100000, 0x0000000786100000| Untracked 
|  98|0x0000000786200000, 0x0000000786200000, 0x0000000786300000|  0%| F|  |TAMS 0x0000000786200000, 0x0000000786200000| Untracked 
|  99|0x0000000786300000, 0x0000000786300000, 0x0000000786400000|  0%| F|  |TAMS 0x0000000786300000, 0x0000000786300000| Untracked 
| 100|0x0000000786400000, 0x0000000786400000, 0x0000000786500000|  0%| F|  |TAMS 0x0000000786400000, 0x0000000786400000| Untracked 
| 101|0x0000000786500000, 0x0000000786500000, 0x0000000786600000|  0%| F|  |TAMS 0x0000000786500000, 0x0000000786500000| Untracked 
| 102|0x0000000786600000, 0x0000000786600000, 0x0000000786700000|  0%| F|  |TAMS 0x0000000786600000, 0x0000000786600000| Untracked 
| 103|0x0000000786700000, 0x0000000786700000, 0x0000000786800000|  0%| F|  |TAMS 0x0000000786700000, 0x0000000786700000| Untracked 
| 104|0x0000000786800000, 0x0000000786800000, 0x0000000786900000|  0%| F|  |TAMS 0x0000000786800000, 0x0000000786800000| Untracked 
| 105|0x0000000786900000, 0x0000000786900000, 0x0000000786a00000|  0%| F|  |TAMS 0x0000000786900000, 0x0000000786900000| Untracked 
| 106|0x0000000786a00000, 0x0000000786a00000, 0x0000000786b00000|  0%| F|  |TAMS 0x0000000786a00000, 0x0000000786a00000| Untracked 
| 107|0x0000000786b00000, 0x0000000786b00000, 0x0000000786c00000|  0%| F|  |TAMS 0x0000000786b00000, 0x0000000786b00000| Untracked 
| 108|0x0000000786c00000, 0x0000000786c00000, 0x0000000786d00000|  0%| F|  |TAMS 0x0000000786c00000, 0x0000000786c00000| Untracked 
| 109|0x0000000786d00000, 0x0000000786d00000, 0x0000000786e00000|  0%| F|  |TAMS 0x0000000786d00000, 0x0000000786d00000| Untracked 
| 110|0x0000000786e00000, 0x0000000786e00000, 0x0000000786f00000|  0%| F|  |TAMS 0x0000000786e00000, 0x0000000786e00000| Untracked 
| 111|0x0000000786f00000, 0x0000000786f00000, 0x0000000787000000|  0%| F|  |TAMS 0x0000000786f00000, 0x0000000786f00000| Untracked 
| 112|0x0000000787000000, 0x0000000787000000, 0x0000000787100000|  0%| F|  |TAMS 0x0000000787000000, 0x0000000787000000| Untracked 
| 113|0x0000000787100000, 0x0000000787100000, 0x0000000787200000|  0%| F|  |TAMS 0x0000000787100000, 0x0000000787100000| Untracked 
| 114|0x0000000787200000, 0x0000000787200000, 0x0000000787300000|  0%| F|  |TAMS 0x0000000787200000, 0x0000000787200000| Untracked 
| 115|0x0000000787300000, 0x0000000787300000, 0x0000000787400000|  0%| F|  |TAMS 0x0000000787300000, 0x0000000787300000| Untracked 
| 116|0x0000000787400000, 0x0000000787400000, 0x0000000787500000|  0%| F|  |TAMS 0x0000000787400000, 0x0000000787400000| Untracked 
| 117|0x0000000787500000, 0x0000000787500000, 0x0000000787600000|  0%| F|  |TAMS 0x0000000787500000, 0x0000000787500000| Untracked 
| 118|0x0000000787600000, 0x0000000787600000, 0x0000000787700000|  0%| F|  |TAMS 0x0000000787600000, 0x0000000787600000| Untracked 
| 119|0x0000000787700000, 0x0000000787700000, 0x0000000787800000|  0%| F|  |TAMS 0x0000000787700000, 0x0000000787700000| Untracked 
| 120|0x0000000787800000, 0x0000000787800000, 0x0000000787900000|  0%| F|  |TAMS 0x0000000787800000, 0x0000000787800000| Untracked 
| 121|0x0000000787900000, 0x0000000787900000, 0x0000000787a00000|  0%| F|  |TAMS 0x0000000787900000, 0x0000000787900000| Untracked 
| 122|0x0000000787a00000, 0x0000000787a00000, 0x0000000787b00000|  0%| F|  |TAMS 0x0000000787a00000, 0x0000000787a00000| Untracked 
| 123|0x0000000787b00000, 0x0000000787b00000, 0x0000000787c00000|  0%| F|  |TAMS 0x0000000787b00000, 0x0000000787b00000| Untracked 
| 124|0x0000000787c00000, 0x0000000787c00000, 0x0000000787d00000|  0%| F|  |TAMS 0x0000000787c00000, 0x0000000787c00000| Untracked 
| 125|0x0000000787d00000, 0x0000000787d00000, 0x0000000787e00000|  0%| F|  |TAMS 0x0000000787d00000, 0x0000000787d00000| Untracked 
| 126|0x0000000787e00000, 0x0000000787e00000, 0x0000000787f00000|  0%| F|  |TAMS 0x0000000787e00000, 0x0000000787e00000| Untracked 
| 127|0x0000000787f00000, 0x0000000787f00000, 0x0000000788000000|  0%| F|  |TAMS 0x0000000787f00000, 0x0000000787f00000| Untracked 
| 128|0x0000000788000000, 0x0000000788000000, 0x0000000788100000|  0%| F|  |TAMS 0x0000000788000000, 0x0000000788000000| Untracked 
| 129|0x0000000788100000, 0x0000000788100000, 0x0000000788200000|  0%| F|  |TAMS 0x0000000788100000, 0x0000000788100000| Untracked 
| 130|0x0000000788200000, 0x0000000788200000, 0x0000000788300000|  0%| F|  |TAMS 0x0000000788200000, 0x0000000788200000| Untracked 
| 131|0x0000000788300000, 0x0000000788300000, 0x0000000788400000|  0%| F|  |TAMS 0x0000000788300000, 0x0000000788300000| Untracked 
| 132|0x0000000788400000, 0x0000000788400000, 0x0000000788500000|  0%| F|  |TAMS 0x0000000788400000, 0x0000000788400000| Untracked 
| 133|0x0000000788500000, 0x0000000788500000, 0x0000000788600000|  0%| F|  |TAMS 0x0000000788500000, 0x0000000788500000| Untracked 
| 134|0x0000000788600000, 0x0000000788600000, 0x0000000788700000|  0%| F|  |TAMS 0x0000000788600000, 0x0000000788600000| Untracked 
| 135|0x0000000788700000, 0x0000000788700000, 0x0000000788800000|  0%| F|  |TAMS 0x0000000788700000, 0x0000000788700000| Untracked 
| 136|0x0000000788800000, 0x0000000788800000, 0x0000000788900000|  0%| F|  |TAMS 0x0000000788800000, 0x0000000788800000| Untracked 
| 137|0x0000000788900000, 0x0000000788900000, 0x0000000788a00000|  0%| F|  |TAMS 0x0000000788900000, 0x0000000788900000| Untracked 
| 138|0x0000000788a00000, 0x0000000788a00000, 0x0000000788b00000|  0%| F|  |TAMS 0x0000000788a00000, 0x0000000788a00000| Untracked 
| 139|0x0000000788b00000, 0x0000000788b00000, 0x0000000788c00000|  0%| F|  |TAMS 0x0000000788b00000, 0x0000000788b00000| Untracked 
| 140|0x0000000788c00000, 0x0000000788c00000, 0x0000000788d00000|  0%| F|  |TAMS 0x0000000788c00000, 0x0000000788c00000| Untracked 
| 141|0x0000000788d00000, 0x0000000788d00000, 0x0000000788e00000|  0%| F|  |TAMS 0x0000000788d00000, 0x0000000788d00000| Untracked 
| 142|0x0000000788e00000, 0x0000000788e00000, 0x0000000788f00000|  0%| F|  |TAMS 0x0000000788e00000, 0x0000000788e00000| Untracked 
| 143|0x0000000788f00000, 0x0000000788f00000, 0x0000000789000000|  0%| F|  |TAMS 0x0000000788f00000, 0x0000000788f00000| Untracked 
| 144|0x0000000789000000, 0x0000000789000000, 0x0000000789100000|  0%| F|  |TAMS 0x0000000789000000, 0x0000000789000000| Untracked 
| 145|0x0000000789100000, 0x0000000789100000, 0x0000000789200000|  0%| F|  |TAMS 0x0000000789100000, 0x0000000789100000| Untracked 
| 146|0x0000000789200000, 0x0000000789200000, 0x0000000789300000|  0%| F|  |TAMS 0x0000000789200000, 0x0000000789200000| Untracked 
| 147|0x0000000789300000, 0x0000000789300000, 0x0000000789400000|  0%| F|  |TAMS 0x0000000789300000, 0x0000000789300000| Untracked 
| 148|0x0000000789400000, 0x0000000789400000, 0x0000000789500000|  0%| F|  |TAMS 0x0000000789400000, 0x0000000789400000| Untracked 
| 149|0x0000000789500000, 0x0000000789500000, 0x0000000789600000|  0%| F|  |TAMS 0x0000000789500000, 0x0000000789500000| Untracked 
| 150|0x0000000789600000, 0x0000000789600000, 0x0000000789700000|  0%| F|  |TAMS 0x0000000789600000, 0x0000000789600000| Untracked 
| 151|0x0000000789700000, 0x0000000789700000, 0x0000000789800000|  0%| F|  |TAMS 0x0000000789700000, 0x0000000789700000| Untracked 
| 152|0x0000000789800000, 0x0000000789800000, 0x0000000789900000|  0%| F|  |TAMS 0x0000000789800000, 0x0000000789800000| Untracked 
| 153|0x0000000789900000, 0x0000000789900000, 0x0000000789a00000|  0%| F|  |TAMS 0x0000000789900000, 0x0000000789900000| Untracked 
| 154|0x0000000789a00000, 0x0000000789a00000, 0x0000000789b00000|  0%| F|  |TAMS 0x0000000789a00000, 0x0000000789a00000| Untracked 
| 155|0x0000000789b00000, 0x0000000789b00000, 0x0000000789c00000|  0%| F|  |TAMS 0x0000000789b00000, 0x0000000789b00000| Untracked 
| 156|0x0000000789c00000, 0x0000000789c00000, 0x0000000789d00000|  0%| F|  |TAMS 0x0000000789c00000, 0x0000000789c00000| Untracked 
| 157|0x0000000789d00000, 0x0000000789d00000, 0x0000000789e00000|  0%| F|  |TAMS 0x0000000789d00000, 0x0000000789d00000| Untracked 
| 158|0x0000000789e00000, 0x0000000789e00000, 0x0000000789f00000|  0%| F|  |TAMS 0x0000000789e00000, 0x0000000789e00000| Untracked 
| 159|0x0000000789f00000, 0x0000000789f00000, 0x000000078a000000|  0%| F|  |TAMS 0x0000000789f00000, 0x0000000789f00000| Untracked 
| 160|0x000000078a000000, 0x000000078a000000, 0x000000078a100000|  0%| F|  |TAMS 0x000000078a000000, 0x000000078a000000| Untracked 
| 161|0x000000078a100000, 0x000000078a100000, 0x000000078a200000|  0%| F|  |TAMS 0x000000078a100000, 0x000000078a100000| Untracked 
| 162|0x000000078a200000, 0x000000078a200000, 0x000000078a300000|  0%| F|  |TAMS 0x000000078a200000, 0x000000078a200000| Untracked 
| 163|0x000000078a300000, 0x000000078a300000, 0x000000078a400000|  0%| F|  |TAMS 0x000000078a300000, 0x000000078a300000| Untracked 
| 164|0x000000078a400000, 0x000000078a400000, 0x000000078a500000|  0%| F|  |TAMS 0x000000078a400000, 0x000000078a400000| Untracked 
| 165|0x000000078a500000, 0x000000078a500000, 0x000000078a600000|  0%| F|  |TAMS 0x000000078a500000, 0x000000078a500000| Untracked 
| 166|0x000000078a600000, 0x000000078a600000, 0x000000078a700000|  0%| F|  |TAMS 0x000000078a600000, 0x000000078a600000| Untracked 
| 167|0x000000078a700000, 0x000000078a700000, 0x000000078a800000|  0%| F|  |TAMS 0x000000078a700000, 0x000000078a700000| Untracked 
| 168|0x000000078a800000, 0x000000078a800000, 0x000000078a900000|  0%| F|  |TAMS 0x000000078a800000, 0x000000078a800000| Untracked 
| 169|0x000000078a900000, 0x000000078a900000, 0x000000078aa00000|  0%| F|  |TAMS 0x000000078a900000, 0x000000078a900000| Untracked 
| 170|0x000000078aa00000, 0x000000078aa00000, 0x000000078ab00000|  0%| F|  |TAMS 0x000000078aa00000, 0x000000078aa00000| Untracked 
| 171|0x000000078ab00000, 0x000000078ab00000, 0x000000078ac00000|  0%| F|  |TAMS 0x000000078ab00000, 0x000000078ab00000| Untracked 
| 172|0x000000078ac00000, 0x000000078ac00000, 0x000000078ad00000|  0%| F|  |TAMS 0x000000078ac00000, 0x000000078ac00000| Untracked 
| 173|0x000000078ad00000, 0x000000078ad00000, 0x000000078ae00000|  0%| F|  |TAMS 0x000000078ad00000, 0x000000078ad00000| Untracked 
| 174|0x000000078ae00000, 0x000000078ae00000, 0x000000078af00000|  0%| F|  |TAMS 0x000000078ae00000, 0x000000078ae00000| Untracked 
| 283|0x0000000791b00000, 0x0000000791b08910, 0x0000000791c00000|  3%| S|CS|TAMS 0x0000000791b00000, 0x0000000791b00000| Complete 
| 286|0x0000000791e00000, 0x0000000791ebd020, 0x0000000791f00000| 73%| E|  |TAMS 0x0000000791e00000, 0x0000000791e00000| Complete 
|1022|0x00000007bfe00000, 0x00000007bfe51000, 0x00000007bff00000| 31%|OA|  |TAMS 0x00000007bfe51000, 0x00000007bfe00000| Untracked 
|1023|0x00000007bff00000, 0x00000007bff79000, 0x00000007c0000000| 47%|CA|  |TAMS 0x00000007bff79000, 0x00000007bff00000| Untracked 
|2043|0x00000007ffb00000, 0x00000007ffc00000, 0x00000007ffc00000|100%| O|  |TAMS 0x00000007ffc00000, 0x00000007ffb00000| Untracked 
|2044|0x00000007ffc00000, 0x00000007ffcfbc00, 0x00000007ffd00000| 98%| O|  |TAMS 0x00000007ffcfbc00, 0x00000007ffc00000| Untracked 
|2045|0x00000007ffd00000, 0x00000007ffe00000, 0x00000007ffe00000|100%| O|  |TAMS 0x00000007ffe00000, 0x00000007ffd00000| Untracked 
|2046|0x00000007ffe00000, 0x00000007fff00000, 0x00000007fff00000|100%| O|  |TAMS 0x00000007fff00000, 0x00000007ffe00000| Untracked 
|2047|0x00000007fff00000, 0x0000000800000000, 0x0000000800000000|100%| O|  |TAMS 0x0000000800000000, 0x00000007fff00000| Untracked 

Card table byte_map: [0x0000000111f29000,0x0000000112329000] _byte_map_base: 0x000000010e329000

Marking Bits (Prev, Next): (CMBitMap*) 0x00007fac2c808250, (CMBitMap*) 0x00007fac2c808210
 Prev Bits: [0x0000000125800000, 0x0000000127800000)
 Next Bits: [0x0000000112729000, 0x0000000114729000)

Polling page: 0x0000000107436000

Metaspace:

Usage:
  Non-class:     22.42 MB capacity,    22.24 MB (>99%) used,   147.37 KB ( <1%) free+waste,    31.00 KB ( <1%) overhead. 
      Class:      2.92 MB capacity,     2.85 MB ( 98%) used,    57.98 KB (  2%) free+waste,    11.19 KB ( <1%) overhead. 
       Both:     25.33 MB capacity,    25.09 MB (>99%) used,   205.35 KB ( <1%) free+waste,    42.19 KB ( <1%) overhead. 

Virtual space:
  Non-class space:       24.00 MB reserved,      23.00 MB ( 96%) committed 
      Class space:        1.00 GB reserved,       3.00 MB ( <1%) committed 
             Both:        1.02 GB reserved,      26.00 MB (  2%) committed 

Chunk freelists:
   Non-Class:  454.00 KB
       Class:  19.00 KB
        Both:  473.00 KB

MaxMetaspaceSize: 17179869184.00 GB
CompressedClassSpaceSize: 1.00 GB

CodeHeap 'non-profiled nmethods': size=120028Kb used=1902Kb max_used=1902Kb free=118125Kb
 bounds [0x000000011e2c9000, 0x000000011e539000, 0x0000000125800000]
CodeHeap 'profiled nmethods': size=120028Kb used=6288Kb max_used=6288Kb free=113739Kb
 bounds [0x0000000116d92000, 0x00000001173c2000, 0x000000011e2c9000]
CodeHeap 'non-nmethods': size=5704Kb used=1937Kb max_used=1986Kb free=3766Kb
 bounds [0x0000000116800000, 0x0000000116a70000, 0x0000000116d92000]
 total_blobs=4777 nmethods=3405 adapters=1284
 compilation: enabled
              stopped_count=0, restarted_count=0
 full_count=0

Compilation events (20 events):
Event: 11.500 Thread 0x00007fac2c897c00 3403       3       javafx.scene.Node$StyleableProperties$2::isSettable (23 bytes)
Event: 11.500 Thread 0x00007fac2c897c00 nmethod 3403 0x00000001173ae810 code [0x00000001173ae9c0, 0x00000001173aed20]
Event: 11.500 Thread 0x00007fac2c897c00 3404       3       javafx.scene.Node$StyleableProperties$3::isSettable (9 bytes)
Event: 11.501 Thread 0x00007fac2c897c00 nmethod 3404 0x00000001173aee90 code [0x00000001173af040, 0x00000001173af4b0]
Event: 11.501 Thread 0x00007fac2c897c00 3408       1       com.sun.javafx.sg.prism.NGGroup::getRemovedChildren (5 bytes)
Event: 11.501 Thread 0x00007fac2c897c00 nmethod 3408 0x000000011e4a4010 code [0x000000011e4a41a0, 0x000000011e4a4250]
Event: 11.501 Thread 0x00007fac2c897c00 3409   !   3       com.sun.prism.impl.GlyphCache::getCachedGlyph (491 bytes)
Event: 11.501 Thread 0x00007fac2a011600 3413       4       com.sun.javafx.geom.RectBounds::deriveWithNewBounds (96 bytes)
Event: 11.505 Thread 0x00007fac2a011600 nmethod 3413 0x000000011e4a4310 code [0x000000011e4a4480, 0x000000011e4a4578]
Event: 11.507 Thread 0x00007fac2c897c00 nmethod 3409 0x00000001173af610 code [0x00000001173afb20, 0x00000001173b2640]
Event: 11.507 Thread 0x00007fac2c897c00 3410       3       com.sun.prism.impl.GlyphCache::addDataToQuad (305 bytes)
Event: 11.507 Thread 0x00007fac2c897c00 nmethod 3410 0x00000001173b3c10 code [0x00000001173b3e80, 0x00000001173b4780]
Event: 11.507 Thread 0x00007fac2c897c00 3414       3       com.sun.javafx.geom.transform.AffineBase::transform (40 bytes)
Event: 11.507 Thread 0x00007fac2c897c00 nmethod 3414 0x00000001173b4b90 code [0x00000001173b4d80, 0x00000001173b5330]
Event: 11.507 Thread 0x00007fac2c897c00 3411       3       com.sun.prism.impl.VertexBuffer::addQuad (63 bytes)
Event: 11.507 Thread 0x00007fac2c897c00 nmethod 3411 0x00000001173b5490 code [0x00000001173b5660, 0x00000001173b5940]
Event: 11.508 Thread 0x00007fac2c897c00 3412       3       com.sun.prism.impl.VertexBuffer::ensureCapacityForQuad (38 bytes)
Event: 11.508 Thread 0x00007fac2c897c00 nmethod 3412 0x00000001173b5b10 code [0x00000001173b5cc0, 0x00000001173b6030]
Event: 11.508 Thread 0x00007fac2c897c00 3415       1       com.sun.javafx.font.PrismFontStrike::drawAsShapes (5 bytes)
Event: 11.508 Thread 0x00007fac2c897c00 nmethod 3415 0x000000011e4a4690 code [0x000000011e4a4820, 0x000000011e4a48d0]

GC Heap History (20 events):
Event: 10.426 GC heap before
{Heap before GC invocations=123 (full 0):
 garbage-first heap   total 301056K, used 129792K [0x0000000780000000, 0x0000000800000000)
  region size 1024K, 2 young (2048K), 1 survivors (1024K)
 Metaspace       used 25541K, capacity 25791K, committed 26368K, reserved 1073152K
  class space    used 2915K, capacity 2982K, committed 3072K, reserved 1048576K
}
Event: 10.427 GC heap after
{Heap after GC invocations=124 (full 0):
 garbage-first heap   total 301056K, used 101122K [0x0000000780000000, 0x0000000800000000)
  region size 1024K, 1 young (1024K), 1 survivors (1024K)
 Metaspace       used 25541K, capacity 25791K, committed 26368K, reserved 1073152K
  class space    used 2915K, capacity 2982K, committed 3072K, reserved 1048576K
}
Event: 10.521 GC heap before
{Heap before GC invocations=125 (full 0):
 garbage-first heap   total 301056K, used 129794K [0x0000000780000000, 0x0000000800000000)
  region size 1024K, 2 young (2048K), 1 survivors (1024K)
 Metaspace       used 25546K, capacity 25791K, committed 26368K, reserved 1073152K
  class space    used 2915K, capacity 2982K, committed 3072K, reserved 1048576K
}
Event: 10.522 GC heap after
{Heap after GC invocations=126 (full 0):
 garbage-first heap   total 301056K, used 101120K [0x0000000780000000, 0x0000000800000000)
  region size 1024K, 1 young (1024K), 1 survivors (1024K)
 Metaspace       used 25546K, capacity 25791K, committed 26368K, reserved 1073152K
  class space    used 2915K, capacity 2982K, committed 3072K, reserved 1048576K
}
Event: 10.669 GC heap before
{Heap before GC invocations=127 (full 0):
 garbage-first heap   total 301056K, used 129792K [0x0000000780000000, 0x0000000800000000)
  region size 1024K, 2 young (2048K), 1 survivors (1024K)
 Metaspace       used 25556K, capacity 25855K, committed 26624K, reserved 1073152K
  class space    used 2915K, capacity 2982K, committed 3072K, reserved 1048576K
}
Event: 10.671 GC heap after
{Heap after GC invocations=128 (full 0):
 garbage-first heap   total 301056K, used 101120K [0x0000000780000000, 0x0000000800000000)
  region size 1024K, 1 young (1024K), 1 survivors (1024K)
 Metaspace       used 25556K, capacity 25855K, committed 26624K, reserved 1073152K
  class space    used 2915K, capacity 2982K, committed 3072K, reserved 1048576K
}
Event: 10.766 GC heap before
{Heap before GC invocations=129 (full 0):
 garbage-first heap   total 301056K, used 129792K [0x0000000780000000, 0x0000000800000000)
  region size 1024K, 2 young (2048K), 1 survivors (1024K)
 Metaspace       used 25562K, capacity 25855K, committed 26624K, reserved 1073152K
  class space    used 2915K, capacity 2982K, committed 3072K, reserved 1048576K
}
Event: 10.767 GC heap after
{Heap after GC invocations=130 (full 0):
 garbage-first heap   total 301056K, used 101120K [0x0000000780000000, 0x0000000800000000)
  region size 1024K, 1 young (1024K), 1 survivors (1024K)
 Metaspace       used 25562K, capacity 25855K, committed 26624K, reserved 1073152K
  class space    used 2915K, capacity 2982K, committed 3072K, reserved 1048576K
}
Event: 10.902 GC heap before
{Heap before GC invocations=131 (full 0):
 garbage-first heap   total 301056K, used 129792K [0x0000000780000000, 0x0000000800000000)
  region size 1024K, 2 young (2048K), 1 survivors (1024K)
 Metaspace       used 25567K, capacity 25855K, committed 26624K, reserved 1073152K
  class space    used 2915K, capacity 2982K, committed 3072K, reserved 1048576K
}
Event: 10.903 GC heap after
{Heap after GC invocations=132 (full 0):
 garbage-first heap   total 301056K, used 101118K [0x0000000780000000, 0x0000000800000000)
  region size 1024K, 1 young (1024K), 1 survivors (1024K)
 Metaspace       used 25567K, capacity 25855K, committed 26624K, reserved 1073152K
  class space    used 2915K, capacity 2982K, committed 3072K, reserved 1048576K
}
Event: 11.011 GC heap before
{Heap before GC invocations=133 (full 0):
 garbage-first heap   total 301056K, used 129790K [0x0000000780000000, 0x0000000800000000)
  region size 1024K, 2 young (2048K), 1 survivors (1024K)
 Metaspace       used 25568K, capacity 25855K, committed 26624K, reserved 1073152K
  class space    used 2915K, capacity 2982K, committed 3072K, reserved 1048576K
}
Event: 11.012 GC heap after
{Heap after GC invocations=134 (full 0):
 garbage-first heap   total 301056K, used 101124K [0x0000000780000000, 0x0000000800000000)
  region size 1024K, 1 young (1024K), 1 survivors (1024K)
 Metaspace       used 25568K, capacity 25855K, committed 26624K, reserved 1073152K
  class space    used 2915K, capacity 2982K, committed 3072K, reserved 1048576K
}
Event: 11.146 GC heap before
{Heap before GC invocations=135 (full 0):
 garbage-first heap   total 301056K, used 129796K [0x0000000780000000, 0x0000000800000000)
  region size 1024K, 2 young (2048K), 1 survivors (1024K)
 Metaspace       used 25571K, capacity 25855K, committed 26624K, reserved 1073152K
  class space    used 2915K, capacity 2982K, committed 3072K, reserved 1048576K
}
Event: 11.147 GC heap after
{Heap after GC invocations=136 (full 0):
 garbage-first heap   total 301056K, used 101126K [0x0000000780000000, 0x0000000800000000)
  region size 1024K, 1 young (1024K), 1 survivors (1024K)
 Metaspace       used 25571K, capacity 25855K, committed 26624K, reserved 1073152K
  class space    used 2915K, capacity 2982K, committed 3072K, reserved 1048576K
}
Event: 11.242 GC heap before
{Heap before GC invocations=137 (full 0):
 garbage-first heap   total 301056K, used 129798K [0x0000000780000000, 0x0000000800000000)
  region size 1024K, 2 young (2048K), 1 survivors (1024K)
 Metaspace       used 25571K, capacity 25855K, committed 26624K, reserved 1073152K
  class space    used 2915K, capacity 2982K, committed 3072K, reserved 1048576K
}
Event: 11.243 GC heap after
{Heap after GC invocations=138 (full 0):
 garbage-first heap   total 301056K, used 101122K [0x0000000780000000, 0x0000000800000000)
  region size 1024K, 1 young (1024K), 1 survivors (1024K)
 Metaspace       used 25571K, capacity 25855K, committed 26624K, reserved 1073152K
  class space    used 2915K, capacity 2982K, committed 3072K, reserved 1048576K
}
Event: 11.380 GC heap before
{Heap before GC invocations=139 (full 0):
 garbage-first heap   total 301056K, used 129794K [0x0000000780000000, 0x0000000800000000)
  region size 1024K, 2 young (2048K), 1 survivors (1024K)
 Metaspace       used 25573K, capacity 25855K, committed 26624K, reserved 1073152K
  class space    used 2915K, capacity 2982K, committed 3072K, reserved 1048576K
}
Event: 11.381 GC heap after
{Heap after GC invocations=140 (full 0):
 garbage-first heap   total 301056K, used 101120K [0x0000000780000000, 0x0000000800000000)
  region size 1024K, 1 young (1024K), 1 survivors (1024K)
 Metaspace       used 25573K, capacity 25855K, committed 26624K, reserved 1073152K
  class space    used 2915K, capacity 2982K, committed 3072K, reserved 1048576K
}
Event: 11.488 GC heap before
{Heap before GC invocations=141 (full 0):
 garbage-first heap   total 301056K, used 130816K [0x0000000780000000, 0x0000000800000000)
  region size 1024K, 3 young (3072K), 1 survivors (1024K)
 Metaspace       used 25669K, capacity 25943K, committed 26624K, reserved 1073152K
  class space    used 2919K, capacity 2989K, committed 3072K, reserved 1048576K
}
Event: 11.489 GC heap after
{Heap after GC invocations=142 (full 0):
 garbage-first heap   total 301056K, used 47888K [0x0000000780000000, 0x0000000800000000)
  region size 1024K, 1 young (1024K), 1 survivors (1024K)
 Metaspace       used 25669K, capacity 25943K, committed 26624K, reserved 1073152K
  class space    used 2919K, capacity 2989K, committed 3072K, reserved 1048576K
}

Deoptimization events (20 events):
Event: 5.797 Thread 0x00007fac2db00000 DEOPT PACKING pc=0x00000001172954a0 sp=0x000070000e45c960
Event: 5.797 Thread 0x00007fac2db00000 DEOPT UNPACKING pc=0x000000011684df2b sp=0x000070000e45be68 mode 0
Event: 5.798 Thread 0x00007fac2db00000 DEOPT PACKING pc=0x00000001172954a0 sp=0x000070000e45c960
Event: 5.798 Thread 0x00007fac2db00000 DEOPT UNPACKING pc=0x000000011684df2b sp=0x000070000e45be68 mode 0
Event: 6.032 Thread 0x00007fac2db00000 Uncommon trap: trap_request=0xffffff45 fr.pc=0x000000011e36acb0 relative=0x0000000000001770
Event: 6.032 Thread 0x00007fac2db00000 Uncommon trap: reason=unstable_if action=reinterpret pc=0x000000011e36acb0 method=jdk.internal.jimage.BasicImageReader.findLocation(Ljava/lang/String;Ljava/lang/String;)Ljdk/internal/jimage/ImageLocation; @ 96 c2
Event: 6.032 Thread 0x00007fac2db00000 DEOPT PACKING pc=0x000000011e36acb0 sp=0x000070000e45ba40
Event: 6.032 Thread 0x00007fac2db00000 DEOPT UNPACKING pc=0x000000011684e125 sp=0x000070000e45b9c8 mode 2
Event: 6.037 Thread 0x00007fac2db00000 Uncommon trap: trap_request=0xffffff45 fr.pc=0x000000011e340dd8 relative=0x0000000000000638
Event: 6.037 Thread 0x00007fac2db00000 Uncommon trap: reason=unstable_if action=reinterpret pc=0x000000011e340dd8 method=java.nio.Buffer.limit(I)Ljava/nio/Buffer; @ 42 c2
Event: 6.037 Thread 0x00007fac2db00000 DEOPT PACKING pc=0x000000011e340dd8 sp=0x000070000e45bb10
Event: 6.037 Thread 0x00007fac2db00000 DEOPT UNPACKING pc=0x000000011684e125 sp=0x000070000e45b968 mode 2
Event: 6.038 Thread 0x00007fac2db00000 Uncommon trap: trap_request=0xffffff45 fr.pc=0x000000011e2c921c relative=0x000000000000007c
Event: 6.039 Thread 0x00007fac2db00000 Uncommon trap: reason=unstable_if action=reinterpret pc=0x000000011e2c921c method=java.lang.String.isLatin1()Z @ 10 c2
Event: 6.039 Thread 0x00007fac2db00000 DEOPT PACKING pc=0x000000011e2c921c sp=0x000070000e45c910
Event: 6.039 Thread 0x00007fac2db00000 DEOPT UNPACKING pc=0x000000011684e125 sp=0x000070000e45c870 mode 2
Event: 6.387 Thread 0x00007fac2a064a00 Uncommon trap: trap_request=0xffffff45 fr.pc=0x000000011e46eb0c relative=0x000000000000008c
Event: 6.387 Thread 0x00007fac2a064a00 Uncommon trap: reason=unstable_if action=reinterpret pc=0x000000011e46eb0c method=com.sun.javafx.geom.RectBounds.isEmpty()Z @ 21 c2
Event: 6.387 Thread 0x00007fac2a064a00 DEOPT PACKING pc=0x000000011e46eb0c sp=0x000070000ce845b0
Event: 6.387 Thread 0x00007fac2a064a00 DEOPT UNPACKING pc=0x000000011684e125 sp=0x000070000ce84560 mode 2

Classes unloaded (0 events):
No events

Classes redefined (0 events):
No events

Internal exceptions (20 events):
Event: 2.015 Thread 0x00007fac2a073000 Exception <a 'java/lang/NoSuchMethodError'{0x0000000783d1d6c0}: 'void java.lang.invoke.DirectMethodHandle$Holder.invokeSpecialIFC(java.lang.Object, java.lang.Object, java.lang.Object, java.lang.Object)'> (0x0000000783d1d6c0) 
thrown [src/hotspot/share/interpreter/linkResolver.cpp, line 782]
Event: 2.023 Thread 0x00007fac2a073000 Exception <a 'java/lang/ClassNotFoundException'{0x0000000783d6c890}: com/sun/javafx/scene/control/skin/resources/controls> (0x0000000783d6c890) 
thrown [src/hotspot/share/prims/jni.cpp, line 599]
Event: 2.023 Thread 0x00007fac2a073000 Exception <a 'java/lang/ClassNotFoundException'{0x0000000783d7a380}: com/sun/javafx/scene/control/skin/resources/controls_fr> (0x0000000783d7a380) 
thrown [src/hotspot/share/prims/jni.cpp, line 599]
Event: 2.024 Thread 0x00007fac2a073000 Exception <a 'java/lang/ClassNotFoundException'{0x0000000783d89a48}: com/sun/javafx/scene/control/skin/resources/controls_fr_FR> (0x0000000783d89a48) 
thrown [src/hotspot/share/prims/jni.cpp, line 599]
Event: 2.051 Thread 0x00007fac2a073000 Exception <a 'java/lang/NoSuchMethodError'{0x0000000783b49af0}: 'int java.lang.invoke.DirectMethodHandle$Holder.invokeSpecial(java.lang.Object, java.lang.Object, int)'> (0x0000000783b49af0) 
thrown [src/hotspot/share/interpreter/linkResolver.cpp, line 782]
Event: 2.125 Thread 0x00007fac2a073000 Exception <a 'java/lang/NoSuchMethodError'{0x0000000787f74e98}: 'void java.lang.invoke.DirectMethodHandle$Holder.invokeSpecial(java.lang.Object, java.lang.Object, java.lang.Object, java.lang.Object, java.lang.Object, java.lang.Object)'> (0x0000000787f74e98) 
thrown [src/hotspot/share/interpreter/linkResolver.cpp, line 782]
Event: 2.190 Thread 0x00007fac2a073000 Exception <a 'java/lang/NoSuchMethodError'{0x0000000787b38f58}: 'java.lang.Object java.lang.invoke.DirectMethodHandle$Holder.newInvokeSpecial(java.lang.Object, java.lang.Object, int)'> (0x0000000787b38f58) 
thrown [src/hotspot/share/interpreter/linkResolver.cpp, line 782]
Event: 3.658 Thread 0x00007fac2a073000 Exception <a 'java/lang/NoSuchMethodError'{0x00000007824253c8}: 'java.lang.Object java.lang.invoke.DirectMethodHandle$Holder.newInvokeSpecial(java.lang.Object, java.lang.Object, int, int, int, int, int, java.lang.Object)'> (0x00000007824253c8) 
thrown [src/hotspot/share/interpreter/linkResolver.cpp, line 782]
Event: 3.659 Thread 0x00007fac2a073000 Exception <a 'java/lang/NoSuchMethodError'{0x0000000782438f38}: 'java.lang.Object java.lang.invoke.DirectMethodHandle$Holder.newInvokeSpecial(java.lang.Object, java.lang.Object, java.lang.Object, int, int, int, int, int)'> (0x0000000782438f38) 
thrown [src/hotspot/share/interpreter/linkResolver.cpp, line 782]
Event: 3.659 Thread 0x00007fac2a073000 Exception <a 'java/lang/NoSuchMethodError'{0x0000000782440a98}: 'java.lang.Object java.lang.invoke.Invokers$Holder.linkToTargetMethod(java.lang.Object, java.lang.Object, int, int, int, int, int, java.lang.Object)'> (0x0000000782440a98) 
thrown [src/hotspot/share/interpreter/linkResolver.cpp, line 782]
Event: 3.666 Thread 0x00007fac2a073000 Exception <a 'java/lang/NoSuchMethodError'{0x00000007824591f0}: 'long java.lang.invoke.DirectMethodHandle$Holder.invokeStatic(java.lang.Object, java.lang.Object, java.lang.Object)'> (0x00000007824591f0) 
thrown [src/hotspot/share/interpreter/linkResolver.cpp, line 782]
Event: 3.666 Thread 0x00007fac2a073000 Exception <a 'java/lang/NoSuchMethodError'{0x000000078245cba0}: 'long java.lang.invoke.DirectMethodHandle$Holder.invokeStaticInit(java.lang.Object, java.lang.Object, java.lang.Object)'> (0x000000078245cba0) 
thrown [src/hotspot/share/interpreter/linkResolver.cpp, line 782]
Event: 3.668 Thread 0x00007fac2a073000 Exception <a 'java/lang/NoSuchMethodError'{0x0000000782474c00}: 'java.lang.Object java.lang.invoke.DirectMethodHandle$Holder.newInvokeSpecial(java.lang.Object, java.lang.Object, long)'> (0x0000000782474c00) 
thrown [src/hotspot/share/interpreter/linkResolver.cpp, line 782]
Event: 3.668 Thread 0x00007fac2a073000 Exception <a 'java/lang/NoSuchMethodError'{0x00000007824786c8}: 'java.lang.Object java.lang.invoke.Invokers$Holder.linkToTargetMethod(java.lang.Object, long, java.lang.Object)'> (0x00000007824786c8) 
thrown [src/hotspot/share/interpreter/linkResolver.cpp, line 782]
Event: 5.101 Thread 0x00007fac2db00000 Exception <a 'java/lang/ClassNotFoundException'{0x00000007814041e8}: sun/awt/resources/spi/awtProvider> (0x00000007814041e8) 
thrown [src/hotspot/share/classfile/systemDictionary.cpp, line 295]
Event: 5.103 Thread 0x00007fac2db00000 Exception <a 'java/io/FileNotFoundException'{0x000000078140a520}> (0x000000078140a520) 
thrown [src/hotspot/share/prims/jni.cpp, line 578]
Event: 5.103 Thread 0x00007fac2db00000 Exception <a 'java/io/FileNotFoundException'{0x000000078140b9d8}> (0x000000078140b9d8) 
thrown [src/hotspot/share/prims/jni.cpp, line 578]
Event: 5.196 Thread 0x00007fac29f32000 Exception <a 'java/lang/ClassNotFoundException'{0x00000007814ba880}: sun/awt/resources/spi/awtosxProvider> (0x00000007814ba880) 
thrown [src/hotspot/share/classfile/systemDictionary.cpp, line 295]
Event: 6.029 Thread 0x00007fac2db00000 Exception <a 'java/lang/UnsatisfiedLinkError'{0x000000078bf8e558}: 'java.lang.String org.tensorflow.TensorFlow.version()'> (0x000000078bf8e558) 
thrown [src/hotspot/share/prims/nativeLookup.cpp, line 530]
Event: 6.382 Thread 0x00007fac2a064a00 Exception <a 'java/lang/NoSuchMethodError'{0x000000078edda5c8}: 'java.lang.Object java.lang.invoke.DirectMethodHandle$Holder.invokeStaticInit(java.lang.Object, int)'> (0x000000078edda5c8) 
thrown [src/hotspot/share/interpreter/linkResolver.cpp, line 782]

Events (20 events):
Event: 11.381 Executing VM operation: HandshakeAllThreads
Event: 11.382 Executing VM operation: HandshakeAllThreads done
Event: 11.392 Executing VM operation: G1Concurrent
Event: 11.394 Executing VM operation: G1Concurrent done
Event: 11.394 Executing VM operation: HandshakeAllThreads
Event: 11.394 Executing VM operation: HandshakeAllThreads done
Event: 11.400 Executing VM operation: G1Concurrent
Event: 11.400 Executing VM operation: G1Concurrent done
Event: 11.400 Executing VM operation: HandshakeAllThreads
Event: 11.400 Executing VM operation: HandshakeAllThreads done
Event: 11.488 Executing VM operation: G1TryInitiateConcMark
Event: 11.489 Executing VM operation: G1TryInitiateConcMark done
Event: 11.489 Executing VM operation: HandshakeAllThreads
Event: 11.489 Executing VM operation: HandshakeAllThreads done
Event: 11.501 Executing VM operation: G1Concurrent
Event: 11.504 Executing VM operation: G1Concurrent done
Event: 11.504 Executing VM operation: HandshakeAllThreads
Event: 11.504 Executing VM operation: HandshakeAllThreads done
Event: 11.510 Executing VM operation: G1Concurrent
Event: 11.510 Executing VM operation: G1Concurrent done


Dynamic libraries:
0x00007fff6b944000 	/usr/lib/libz.1.dylib
0x00000001073fa000 	/usr/local/Cellar/openjdk/15.0.1/libexec/openjdk.jdk/Contents/Home/lib/libjli.dylib
0x00007fff31504000 	/System/Library/Frameworks/Cocoa.framework/Versions/A/Cocoa
0x00007fff3ecec000 	/System/Library/Frameworks/Security.framework/Versions/A/Security
0x00007fff3046b000 	/System/Library/Frameworks/ApplicationServices.framework/Versions/A/ApplicationServices
0x00007fff69408000 	/usr/lib/libSystem.B.dylib
0x00007fff6c204000 	/usr/lib/system/libcache.dylib
0x00007fff6c20a000 	/usr/lib/system/libcommonCrypto.dylib
0x00007fff6c216000 	/usr/lib/system/libcompiler_rt.dylib
0x00007fff6c21e000 	/usr/lib/system/libcopyfile.dylib
0x00007fff6c228000 	/usr/lib/system/libcorecrypto.dylib
0x00007fff6c3c7000 	/usr/lib/system/libdispatch.dylib
0x00007fff6c408000 	/usr/lib/system/libdyld.dylib
0x00007fff6c43f000 	/usr/lib/system/libkeymgr.dylib
0x00007fff6c44d000 	/usr/lib/system/liblaunch.dylib
0x00007fff6c44e000 	/usr/lib/system/libmacho.dylib
0x00007fff6c454000 	/usr/lib/system/libquarantine.dylib
0x00007fff6c457000 	/usr/lib/system/libremovefile.dylib
0x00007fff6c459000 	/usr/lib/system/libsystem_asl.dylib
0x00007fff6c471000 	/usr/lib/system/libsystem_blocks.dylib
0x00007fff6c472000 	/usr/lib/system/libsystem_c.dylib
0x00007fff6c4fa000 	/usr/lib/system/libsystem_configuration.dylib
0x00007fff6c4fe000 	/usr/lib/system/libsystem_coreservices.dylib
0x00007fff6c502000 	/usr/lib/system/libsystem_darwin.dylib
0x00007fff6c50b000 	/usr/lib/system/libsystem_dnssd.dylib
0x00007fff6c513000 	/usr/lib/system/libsystem_featureflags.dylib
0x00007fff6c515000 	/usr/lib/system/libsystem_info.dylib
0x00007fff6c590000 	/usr/lib/system/libsystem_m.dylib
0x00007fff6c5d8000 	/usr/lib/system/libsystem_malloc.dylib
0x00007fff6c600000 	/usr/lib/system/libsystem_networkextension.dylib
0x00007fff6c60e000 	/usr/lib/system/libsystem_notify.dylib
0x00007fff6c62c000 	/usr/lib/system/libsystem_sandbox.dylib
0x00007fff6c631000 	/usr/lib/system/libsystem_secinit.dylib
0x00007fff6c563000 	/usr/lib/system/libsystem_kernel.dylib
0x00007fff6c618000 	/usr/lib/system/libsystem_platform.dylib
0x00007fff6c621000 	/usr/lib/system/libsystem_pthread.dylib
0x00007fff6c634000 	/usr/lib/system/libsystem_symptoms.dylib
0x00007fff6c63c000 	/usr/lib/system/libsystem_trace.dylib
0x00007fff6c654000 	/usr/lib/system/libunwind.dylib
0x00007fff6c65a000 	/usr/lib/system/libxpc.dylib
0x00007fff6b268000 	/usr/lib/libobjc.A.dylib
0x00007fff69741000 	/usr/lib/libc++abi.dylib
0x00007fff696ee000 	/usr/lib/libc++.1.dylib
0x00007fff323a4000 	/System/Library/Frameworks/CoreFoundation.framework/Versions/A/CoreFoundation
0x00007fff34a5e000 	/System/Library/Frameworks/Foundation.framework/Versions/C/Foundation
0x00007fff2f65b000 	/System/Library/Frameworks/AppKit.framework/Versions/C/AppKit
0x00007fff31e88000 	/System/Library/Frameworks/CoreData.framework/Versions/A/CoreData
0x00007fff63423000 	/System/Library/PrivateFrameworks/UIFoundation.framework/Versions/A/UIFoundation
0x00007fff5e4c7000 	/System/Library/PrivateFrameworks/RemoteViewServices.framework/Versions/A/RemoteViewServices
0x00007fff65f78000 	/System/Library/PrivateFrameworks/XCTTargetBootstrap.framework/Versions/A/XCTTargetBootstrap
0x00007fff32273000 	/System/Library/Frameworks/CoreDisplay.framework/Versions/A/CoreDisplay
0x00007fff37919000 	/System/Library/Frameworks/Metal.framework/Versions/A/Metal
0x00007fff4c4d3000 	/System/Library/PrivateFrameworks/DesktopServicesPriv.framework/Versions/A/DesktopServicesPriv
0x00007fff6a543000 	/usr/lib/liblangid.dylib
0x00007fff4b76b000 	/System/Library/PrivateFrameworks/CoreSVG.framework/Versions/A/CoreSVG
0x00007fff61620000 	/System/Library/PrivateFrameworks/SkyLight.framework/Versions/A/SkyLight
0x00007fff32825000 	/System/Library/Frameworks/CoreGraphics.framework/Versions/A/CoreGraphics
0x00007fff2e02f000 	/System/Library/Frameworks/Accelerate.framework/Versions/A/Accelerate
0x00007fff6b835000 	/usr/lib/libxml2.2.dylib
0x00007fff57460000 	/System/Library/PrivateFrameworks/IconServices.framework/Versions/A/IconServices
0x00007fff3523d000 	/System/Library/Frameworks/IOSurface.framework/Versions/A/IOSurface
0x00007fff68f32000 	/usr/lib/libDiagnosticMessagesClient.dylib
0x00007fff4c32d000 	/System/Library/PrivateFrameworks/DFRFoundation.framework/Versions/A/DFRFoundation
0x00007fff6a2d2000 	/usr/lib/libicucore.A.dylib
0x00007fff3079d000 	/System/Library/Frameworks/AudioToolbox.framework/Versions/A/AudioToolbox
0x00007fff30880000 	/System/Library/Frameworks/AudioUnit.framework/Versions/A/AudioUnit
0x00007fff6960a000 	/usr/lib/libauto.dylib
0x00007fff4c3cf000 	/System/Library/PrivateFrameworks/DataDetectorsCore.framework/Versions/A/DataDetectorsCore
0x00007fff31025000 	/System/Library/Frameworks/Carbon.framework/Versions/A/Frameworks/HIToolbox.framework/Versions/A/HIToolbox
0x00007fff3dee9000 	/System/Library/Frameworks/QuartzCore.framework/Versions/A/QuartzCore
0x00007fff31364000 	/System/Library/Frameworks/Carbon.framework/Versions/A/Frameworks/SpeechRecognition.framework/Versions/A/SpeechRecognition
0x00007fff4be44000 	/System/Library/PrivateFrameworks/CoreUI.framework/Versions/A/CoreUI
0x00007fff318f3000 	/System/Library/Frameworks/CoreAudio.framework/Versions/A/CoreAudio
0x00007fff3471f000 	/System/Library/Frameworks/DiskArbitration.framework/Versions/A/DiskArbitration
0x00007fff594ae000 	/System/Library/PrivateFrameworks/MultitouchSupport.framework/Versions/A/MultitouchSupport
0x00007fff6a199000 	/usr/lib/libenergytrace.dylib
0x00007fff35197000 	/System/Library/Frameworks/IOKit.framework/Versions/A/IOKit
0x00007fff3378b000 	/System/Library/Frameworks/CoreServices.framework/Versions/A/CoreServices
0x00007fff5b65d000 	/System/Library/PrivateFrameworks/PerformanceAnalysis.framework/Versions/A/PerformanceAnalysis
0x00007fff3cf1c000 	/System/Library/Frameworks/OpenGL.framework/Versions/A/OpenGL
0x00007fff31512000 	/System/Library/Frameworks/ColorSync.framework/Versions/A/ColorSync
0x00007fff32ea7000 	/System/Library/Frameworks/CoreImage.framework/Versions/A/CoreImage
0x00007fff341fe000 	/System/Library/Frameworks/CoreText.framework/Versions/A/CoreText
0x00007fff352cd000 	/System/Library/Frameworks/ImageIO.framework/Versions/A/ImageIO
0x00007fff6976a000 	/usr/lib/libcompression.dylib
0x00007fff69276000 	/usr/lib/libMobileGestalt.dylib
0x00007fff63198000 	/System/Library/PrivateFrameworks/TextureIO.framework/Versions/A/TextureIO
0x00007fff6956d000 	/usr/lib/libate.dylib
0x00007fff57669000 	/System/Library/PrivateFrameworks/InternationalSupport.framework/Versions/A/InternationalSupport
0x00007fff6a545000 	/usr/lib/liblzma.5.dylib
0x00007fff6a1c0000 	/usr/lib/libfakelink.dylib
0x00007fff694fa000 	/usr/lib/libarchive.2.dylib
0x00007fff3fd9d000 	/System/Library/Frameworks/SystemConfiguration.framework/Versions/A/SystemConfiguration
0x00007fff68e65000 	/usr/lib/libCRFSuite.dylib
0x00007fff30c16000 	/System/Library/Frameworks/CFNetwork.framework/Versions/A/CFNetwork
0x00007fff696d0000 	/usr/lib/libbsm.0.dylib
0x00007fff6c440000 	/usr/lib/system/libkxld.dylib
0x00007fff45cb9000 	/System/Library/PrivateFrameworks/AppleFSCompression.framework/Versions/A/AppleFSCompression
0x00007fff69a5b000 	/usr/lib/libcoretls.dylib
0x00007fff69a72000 	/usr/lib/libcoretls_cfhelpers.dylib
0x00007fff6b2ae000 	/usr/lib/libpam.2.dylib
0x00007fff6b3e3000 	/usr/lib/libsqlite3.dylib
0x00007fff6b822000 	/usr/lib/libxar.1.dylib
0x00007fff696e1000 	/usr/lib/libbz2.1.0.dylib
0x00007fff6a1e1000 	/usr/lib/libiconv.2.dylib
0x00007fff69757000 	/usr/lib/libcharset.1.dylib
0x00007fff6ad4b000 	/usr/lib/libnetwork.dylib
0x00007fff6b2b5000 	/usr/lib/libpcap.A.dylib
0x00007fff694af000 	/usr/lib/libapple_nghttp2.dylib
0x00007fff33b42000 	/System/Library/Frameworks/CoreServices.framework/Versions/A/Frameworks/FSEvents.framework/Versions/A/FSEvents
0x00007fff33812000 	/System/Library/Frameworks/CoreServices.framework/Versions/A/Frameworks/CarbonCore.framework/Versions/A/CarbonCore
0x00007fff33d86000 	/System/Library/Frameworks/CoreServices.framework/Versions/A/Frameworks/Metadata.framework/Versions/A/Metadata
0x00007fff33e1f000 	/System/Library/Frameworks/CoreServices.framework/Versions/A/Frameworks/OSServices.framework/Versions/A/OSServices
0x00007fff33e4d000 	/System/Library/Frameworks/CoreServices.framework/Versions/A/Frameworks/SearchKit.framework/Versions/A/SearchKit
0x00007fff3378c000 	/System/Library/Frameworks/CoreServices.framework/Versions/A/Frameworks/AE.framework/Versions/A/AE
0x00007fff33b4b000 	/System/Library/Frameworks/CoreServices.framework/Versions/A/Frameworks/LaunchServices.framework/Versions/A/LaunchServices
0x00007fff33af4000 	/System/Library/Frameworks/CoreServices.framework/Versions/A/Frameworks/DictionaryServices.framework/Versions/A/DictionaryServices
0x00007fff33eb5000 	/System/Library/Frameworks/CoreServices.framework/Versions/A/Frameworks/SharedFileList.framework/Versions/A/SharedFileList
0x00007fff38d3c000 	/System/Library/Frameworks/NetFS.framework/Versions/A/NetFS
0x00007fff599de000 	/System/Library/PrivateFrameworks/NetAuth.framework/Versions/A/NetAuth
0x00007fff66345000 	/System/Library/PrivateFrameworks/login.framework/Versions/A/Frameworks/loginsupport.framework/Versions/A/loginsupport
0x00007fff62c63000 	/System/Library/PrivateFrameworks/TCC.framework/Versions/A/TCC
0x00007fff4a8de000 	/System/Library/PrivateFrameworks/CoreNLP.framework/Versions/A/CoreNLP
0x00007fff58edb000 	/System/Library/PrivateFrameworks/MetadataUtilities.framework/Versions/A/MetadataUtilities
0x00007fff6a61d000 	/usr/lib/libmecabra.dylib
0x00007fff6a575000 	/usr/lib/libmecab.dylib
0x00007fff6a1d1000 	/usr/lib/libgermantok.dylib
0x00007fff69496000 	/usr/lib/libThaiTokenizer.dylib
0x00007fff68e9c000 	/usr/lib/libChineseTokenizer.dylib
0x00007fff2e047000 	/System/Library/Frameworks/Accelerate.framework/Versions/A/Frameworks/vImage.framework/Versions/A/vImage
0x00007fff2f4b1000 	/System/Library/Frameworks/Accelerate.framework/Versions/A/Frameworks/vecLib.framework/Versions/A/vecLib
0x00007fff2f3ee000 	/System/Library/Frameworks/Accelerate.framework/Versions/A/Frameworks/vecLib.framework/Versions/A/libvMisc.dylib
0x00007fff2f216000 	/System/Library/Frameworks/Accelerate.framework/Versions/A/Frameworks/vecLib.framework/Versions/A/libvDSP.dylib
0x00007fff2e69e000 	/System/Library/Frameworks/Accelerate.framework/Versions/A/Frameworks/vecLib.framework/Versions/A/libBLAS.dylib
0x00007fff2edda000 	/System/Library/Frameworks/Accelerate.framework/Versions/A/Frameworks/vecLib.framework/Versions/A/libLAPACK.dylib
0x00007fff2f176000 	/System/Library/Frameworks/Accelerate.framework/Versions/A/Frameworks/vecLib.framework/Versions/A/libLinearAlgebra.dylib
0x00007fff2f203000 	/System/Library/Frameworks/Accelerate.framework/Versions/A/Frameworks/vecLib.framework/Versions/A/libSparseBLAS.dylib
0x00007fff2f18c000 	/System/Library/Frameworks/Accelerate.framework/Versions/A/Frameworks/vecLib.framework/Versions/A/libQuadrature.dylib
0x00007fff2e906000 	/System/Library/Frameworks/Accelerate.framework/Versions/A/Frameworks/vecLib.framework/Versions/A/libBNNS.dylib
0x00007fff2f192000 	/System/Library/Frameworks/Accelerate.framework/Versions/A/Frameworks/vecLib.framework/Versions/A/libSparse.dylib
0x00007fff57a51000 	/System/Library/PrivateFrameworks/LanguageModeling.framework/Versions/A/LanguageModeling
0x00007fff4a28e000 	/System/Library/PrivateFrameworks/CoreEmoji.framework/Versions/A/CoreEmoji
0x00007fff57b6f000 	/System/Library/PrivateFrameworks/LinguisticData.framework/Versions/A/LinguisticData
0x00007fff57b20000 	/System/Library/PrivateFrameworks/Lexicon.framework/Versions/A/Lexicon
0x00007fff69758000 	/usr/lib/libcmph.dylib
0x00007fff3b92a000 	/System/Library/Frameworks/OpenDirectory.framework/Versions/A/Frameworks/CFOpenDirectory.framework/Versions/A/CFOpenDirectory
0x00007fff3b947000 	/System/Library/Frameworks/OpenDirectory.framework/Versions/A/OpenDirectory
0x00007fff43d6c000 	/System/Library/PrivateFrameworks/APFS.framework/Versions/A/APFS
0x00007fff3f036000 	/System/Library/Frameworks/SecurityFoundation.framework/Versions/A/SecurityFoundation
0x00007fff6b81e000 	/usr/lib/libutil.dylib
0x00007fff4b7c3000 	/System/Library/PrivateFrameworks/CoreServicesStore.framework/Versions/A/CoreServicesStore
0x00007fff3f0ed000 	/System/Library/Frameworks/ServiceManagement.framework/Versions/A/ServiceManagement
0x00007fff47488000 	/System/Library/PrivateFrameworks/BackgroundTaskManagement.framework/Versions/A/BackgroundTaskManagement
0x00007fff6b91b000 	/usr/lib/libxslt.1.dylib
0x00007fff4632c000 	/System/Library/PrivateFrameworks/AppleSystemInfo.framework/Versions/A/AppleSystemInfo
0x00007fff354e8000 	/System/Library/Frameworks/ImageIO.framework/Versions/A/Resources/libJPEG.dylib
0x00007fff357a4000 	/System/Library/Frameworks/ImageIO.framework/Versions/A/Resources/libTIFF.dylib
0x00007fff35787000 	/System/Library/Frameworks/ImageIO.framework/Versions/A/Resources/libPng.dylib
0x00007fff3542a000 	/System/Library/Frameworks/ImageIO.framework/Versions/A/Resources/libGIF.dylib
0x00007fff3542e000 	/System/Library/Frameworks/ImageIO.framework/Versions/A/Resources/libJP2.dylib
0x00007fff357a2000 	/System/Library/Frameworks/ImageIO.framework/Versions/A/Resources/libRadiance.dylib
0x00007fff6a19a000 	/usr/lib/libexpat.1.dylib
0x00007fff45e14000 	/System/Library/PrivateFrameworks/AppleJPEG.framework/Versions/A/AppleJPEG
0x00007fff4eac2000 	/System/Library/PrivateFrameworks/FontServices.framework/libFontParser.dylib
0x00007fff6534a000 	/System/Library/PrivateFrameworks/WatchdogClient.framework/Versions/A/WatchdogClient
0x00007fff570ac000 	/System/Library/PrivateFrameworks/IOAccelerator.framework/Versions/A/IOAccelerator
0x00007fff37cb4000 	/System/Library/Frameworks/MetalPerformanceShaders.framework/Versions/A/MetalPerformanceShaders
0x00007fff53843000 	/System/Library/PrivateFrameworks/GPUWrangler.framework/Versions/A/GPUWrangler
0x00007fff570c1000 	/System/Library/PrivateFrameworks/IOPresentment.framework/Versions/A/IOPresentment
0x00007fff4c340000 	/System/Library/PrivateFrameworks/DSExternalDisplay.framework/Versions/A/DSExternalDisplay
0x00007fff3c2bb000 	/System/Library/Frameworks/OpenGL.framework/Versions/A/Libraries/libCoreFSCache.dylib
0x00007fff37a00000 	/System/Library/Frameworks/MetalPerformanceShaders.framework/Frameworks/MPSCore.framework/Versions/A/MPSCore
0x00007fff37a3e000 	/System/Library/Frameworks/MetalPerformanceShaders.framework/Frameworks/MPSImage.framework/Versions/A/MPSImage
0x00007fff37b05000 	/System/Library/Frameworks/MetalPerformanceShaders.framework/Frameworks/MPSNeuralNetwork.framework/Versions/A/MPSNeuralNetwork
0x00007fff37ac9000 	/System/Library/Frameworks/MetalPerformanceShaders.framework/Frameworks/MPSMatrix.framework/Versions/A/MPSMatrix
0x00007fff37c64000 	/System/Library/Frameworks/MetalPerformanceShaders.framework/Frameworks/MPSRayIntersector.framework/Versions/A/MPSRayIntersector
0x00007fff37aef000 	/System/Library/Frameworks/MetalPerformanceShaders.framework/Frameworks/MPSNDArray.framework/Versions/A/MPSNDArray
0x00007fff58f28000 	/System/Library/PrivateFrameworks/MetalTools.framework/Versions/A/MetalTools
0x00007fff44f41000 	/System/Library/PrivateFrameworks/AggregateDictionary.framework/Versions/A/AggregateDictionary
0x00007fff49cd8000 	/System/Library/PrivateFrameworks/CoreAnalytics.framework/Versions/A/CoreAnalytics
0x00007fff4624b000 	/System/Library/PrivateFrameworks/AppleSauce.framework/Versions/A/AppleSauce
0x00007fff69158000 	/usr/lib/libIOReport.dylib
0x00007fff343b6000 	/System/Library/Frameworks/CoreVideo.framework/Versions/A/CoreVideo
0x00007fff54cbd000 	/System/Library/PrivateFrameworks/GraphVisualizer.framework/Versions/A/GraphVisualizer
0x00007fff4e009000 	/System/Library/PrivateFrameworks/FaceCore.framework/Versions/A/FaceCore
0x00007fff3b8d1000 	/System/Library/Frameworks/OpenCL.framework/Versions/A/OpenCL
0x00007fff68f7a000 	/usr/lib/libFosl_dynamic.dylib
0x00007fff5a3fe000 	/System/Library/PrivateFrameworks/OTSVG.framework/Versions/A/OTSVG
0x00007fff30570000 	/System/Library/Frameworks/ApplicationServices.framework/Versions/A/Frameworks/ATS.framework/Versions/A/Resources/libFontRegistry.dylib
0x00007fff4ec94000 	/System/Library/PrivateFrameworks/FontServices.framework/libhvf.dylib
0x00007fff3c2c6000 	/System/Library/Frameworks/OpenGL.framework/Versions/A/Libraries/libGFXShared.dylib
0x00007fff3c4a4000 	/System/Library/Frameworks/OpenGL.framework/Versions/A/Libraries/libGLU.dylib
0x00007fff3c2cf000 	/System/Library/Frameworks/OpenGL.framework/Versions/A/Libraries/libGL.dylib
0x00007fff3c2da000 	/System/Library/Frameworks/OpenGL.framework/Versions/A/Libraries/libGLImage.dylib
0x00007fff3c2b8000 	/System/Library/Frameworks/OpenGL.framework/Versions/A/Libraries/libCVMSPluginSupport.dylib
0x00007fff3c2c1000 	/System/Library/Frameworks/OpenGL.framework/Versions/A/Libraries/libCoreVMClient.dylib
0x00007fff6abec000 	/usr/lib/libncurses.5.4.dylib
0x00007fff3046c000 	/System/Library/Frameworks/ApplicationServices.framework/Versions/A/Frameworks/ATS.framework/Versions/A/ATS
0x00007fff30639000 	/System/Library/Frameworks/ApplicationServices.framework/Versions/A/Frameworks/ColorSyncLegacy.framework/Versions/A/ColorSyncLegacy
0x00007fff306d7000 	/System/Library/Frameworks/ApplicationServices.framework/Versions/A/Frameworks/HIServices.framework/Versions/A/HIServices
0x00007fff3072f000 	/System/Library/Frameworks/ApplicationServices.framework/Versions/A/Frameworks/LangAnalysis.framework/Versions/A/LangAnalysis
0x00007fff3073e000 	/System/Library/Frameworks/ApplicationServices.framework/Versions/A/Frameworks/PrintCore.framework/Versions/A/PrintCore
0x00007fff30784000 	/System/Library/Frameworks/ApplicationServices.framework/Versions/A/Frameworks/QD.framework/Versions/A/QD
0x00007fff3078f000 	/System/Library/Frameworks/ApplicationServices.framework/Versions/A/Frameworks/SpeechSynthesis.framework/Versions/A/SpeechSynthesis
0x00007fff30609000 	/System/Library/Frameworks/ApplicationServices.framework/Versions/A/Frameworks/ATSUI.framework/Versions/A/ATSUI
0x00007fff6a030000 	/usr/lib/libcups.2.dylib
0x00007fff36d4f000 	/System/Library/Frameworks/Kerberos.framework/Versions/A/Kerberos
0x00007fff34e90000 	/System/Library/Frameworks/GSS.framework/Versions/A/GSS
0x00007fff6b36f000 	/usr/lib/libresolv.9.dylib
0x00007fff54e6a000 	/System/Library/PrivateFrameworks/Heimdal.framework/Versions/A/Heimdal
0x00007fff36d62000 	/System/Library/Frameworks/Kerberos.framework/Versions/A/Libraries/libHeimdalProxy.dylib
0x00007fff6a1d7000 	/usr/lib/libheimdal-asn1.dylib
0x00007fff49173000 	/System/Library/PrivateFrameworks/CommonAuth.framework/Versions/A/CommonAuth
0x00007fff463c9000 	/System/Library/PrivateFrameworks/AssertionServices.framework/Versions/A/AssertionServices
0x00007fff46f6b000 	/System/Library/PrivateFrameworks/AudioToolboxCore.framework/Versions/A/AudioToolboxCore
0x00007fff65ff5000 	/System/Library/PrivateFrameworks/caulk.framework/Versions/A/caulk
0x00007fff47534000 	/System/Library/PrivateFrameworks/BaseBoard.framework/Versions/A/BaseBoard
0x00007fff5e655000 	/System/Library/PrivateFrameworks/RunningBoardServices.framework/Versions/A/RunningBoardServices
0x00007fff5b669000 	/System/Library/PrivateFrameworks/PersistentConnection.framework/Versions/A/PersistentConnection
0x00007fff5e04f000 	/System/Library/PrivateFrameworks/ProtocolBuffer.framework/Versions/A/ProtocolBuffer
0x00007fff49197000 	/System/Library/PrivateFrameworks/CommonUtilities.framework/Versions/A/CommonUtilities
0x00007fff476c2000 	/System/Library/PrivateFrameworks/Bom.framework/Versions/A/Bom
0x00007fff68e2b000 	/usr/lib/libAudioToolboxUtility.dylib
0x00007fff47492000 	/System/Library/PrivateFrameworks/Backup.framework/Versions/A/Backup
0x00007fff4c261000 	/System/Library/PrivateFrameworks/CrashReporterSupport.framework/Versions/A/CrashReporterSupport
0x00007fff600e6000 	/System/Library/PrivateFrameworks/Sharing.framework/Versions/A/Sharing
0x00007fff459d7000 	/System/Library/PrivateFrameworks/Apple80211.framework/Versions/A/Apple80211
0x00007fff471af000 	/System/Library/PrivateFrameworks/AuthKit.framework/Versions/A/AuthKit
0x00007fff4bf71000 	/System/Library/PrivateFrameworks/CoreUtils.framework/Versions/A/CoreUtils
0x00007fff343fb000 	/System/Library/Frameworks/CoreWLAN.framework/Versions/A/CoreWLAN
0x00007fff3501d000 	/System/Library/Frameworks/IOBluetooth.framework/Versions/A/IOBluetooth
0x00007fff5922d000 	/System/Library/PrivateFrameworks/MobileKeyBag.framework/Versions/A/MobileKeyBag
0x00007fff4ad76000 	/System/Library/PrivateFrameworks/CorePhoneNumbers.framework/Versions/A/CorePhoneNumbers
0x00007fff45dc7000 	/System/Library/PrivateFrameworks/AppleIDAuthSupport.framework/Versions/A/AppleIDAuthSupport
0x00007fff38d49000 	/System/Library/Frameworks/Network.framework/Versions/A/Network
0x00007fff578fd000 	/System/Library/PrivateFrameworks/KeychainCircle.framework/Versions/A/KeychainCircle
0x00007fff31e4f000 	/System/Library/Frameworks/CoreBluetooth.framework/Versions/A/CoreBluetooth
0x00007fff62163000 	/System/Library/PrivateFrameworks/SpeechRecognitionCore.framework/Versions/A/SpeechRecognitionCore
0x0000000108600000 	/usr/local/Cellar/openjdk/15.0.1/libexec/openjdk.jdk/Contents/Home/lib/server/libjvm.dylib
0x0000000107426000 	/usr/local/Cellar/openjdk/15.0.1/libexec/openjdk.jdk/Contents/Home/lib/libjimage.dylib
0x0000000107480000 	/usr/local/Cellar/openjdk/15.0.1/libexec/openjdk.jdk/Contents/Home/lib/libjava.dylib
0x00000001075b6000 	/usr/local/Cellar/openjdk/15.0.1/libexec/openjdk.jdk/Contents/Home/lib/libnio.dylib
0x00000001075ce000 	/usr/local/Cellar/openjdk/15.0.1/libexec/openjdk.jdk/Contents/Home/lib/libnet.dylib
0x00000001075ea000 	/usr/local/Cellar/openjdk/15.0.1/libexec/openjdk.jdk/Contents/Home/lib/libzip.dylib
0x0000000114fb0000 	/Users/debailleuxjonathan/.openjfx/cache/15.0.1/libprism_es2.dylib
0x00007fff4b78f000 	/System/Library/PrivateFrameworks/CoreServicesInternal.framework/Versions/A/CoreServicesInternal
0x00007fff3cf2c000 	/System/Library/Frameworks/OpenGL.framework/Versions/A/Resources/GLEngine.bundle/GLEngine
0x00007fff3c30f000 	/System/Library/Frameworks/OpenGL.framework/Versions/A/Libraries/libGLProgrammability.dylib
0x00007fff29da0000 	/System/Library/Extensions/AppleIntelKBLGraphicsGLDriver.bundle/Contents/MacOS/AppleIntelKBLGraphicsGLDriver
0x00007fff53837000 	/System/Library/PrivateFrameworks/GPUSupport.framework/Versions/A/Libraries/libGPUSupportMercury.dylib
0x00007fff3d0a6000 	/System/Library/Frameworks/OpenGL.framework/Versions/A/Resources/GLRendererFloat.bundle/GLRendererFloat
0x00007fff3b8c8000 	/System/Library/Frameworks/OpenCL.framework/Versions/A/Libraries/libcldcpuengine.dylib
0x0000000115483000 	/Users/debailleuxjonathan/.openjfx/cache/15.0.1/libglass.dylib
0x00007fff34918000 	/System/Library/Frameworks/FileProvider.framework/Versions/A/FileProvider
0x00007fff2f4b2000 	/System/Library/Frameworks/Accounts.framework/Versions/A/Accounts
0x00007fff53b68000 	/System/Library/PrivateFrameworks/GenerationalStorage.framework/Versions/A/GenerationalStorage
0x00007fff4bd16000 	/System/Library/PrivateFrameworks/CoreSymbolication.framework/Versions/A/CoreSymbolication
0x00007fff629a3000 	/System/Library/PrivateFrameworks/SymptomDiagnosticReporter.framework/Versions/A/SymptomDiagnosticReporter
0x00007fff454dc000 	/System/Library/PrivateFrameworks/AppContainer.framework/Versions/A/AppContainer
0x00007fff6b389000 	/usr/lib/libsandbox.1.dylib
0x00007fff642ee000 	/System/Library/PrivateFrameworks/UserManagement.framework/Versions/A/UserManagement
0x00007fff4827d000 	/System/Library/PrivateFrameworks/ChunkingLibrary.framework/Versions/A/ChunkingLibrary
0x00007fff4c495000 	/System/Library/PrivateFrameworks/DebugSymbols.framework/Versions/A/DebugSymbols
0x00007fff4554e000 	/System/Library/PrivateFrameworks/AppSandbox.framework/Versions/A/AppSandbox
0x00007fff5ff70000 	/System/Library/PrivateFrameworks/SecCodeWrapper.framework/Versions/A/SecCodeWrapper
0x00007fff69240000 	/usr/lib/libMatch.1.dylib
0x00007fff25496000 	/System/Library/CoreServices/RawCamera.bundle/Contents/MacOS/RawCamera
0x00007fff59057000 	/System/Library/PrivateFrameworks/MobileAsset.framework/Versions/A/MobileAsset
0x00007fff6284b000 	/System/Library/PrivateFrameworks/StreamingZip.framework/Versions/A/StreamingZip
0x00007fff371ca000 	/System/Library/Frameworks/MediaToolbox.framework/Versions/A/MediaToolbox
0x00007fff49c88000 	/System/Library/PrivateFrameworks/CoreAVCHD.framework/Versions/A/CoreAVCHD
0x00007fff370f4000 	/System/Library/Frameworks/MediaAccessibility.framework/Versions/A/MediaAccessibility
0x00007fff5840c000 	/System/Library/PrivateFrameworks/Mangrove.framework/Versions/A/Mangrove
0x00007fff335c3000 	/System/Library/Frameworks/CoreMedia.framework/Versions/A/CoreMedia
0x00007fff58678000 	/System/Library/PrivateFrameworks/MediaExperience.framework/Versions/A/MediaExperience
0x00007fff4008a000 	/System/Library/Frameworks/VideoToolbox.framework/Versions/A/VideoToolbox
0x00007fff498b2000 	/System/Library/PrivateFrameworks/CoreAUC.framework/Versions/A/CoreAUC
0x00007fff6b3e1000 	/usr/lib/libspindump.dylib
0x00007fff4691a000 	/System/Library/PrivateFrameworks/AudioResourceArbitration.framework/Versions/A/AudioResourceArbitration
0x00007fff46330000 	/System/Library/PrivateFrameworks/AppleVA.framework/Versions/A/AppleVA
0x00007fff2e030000 	/System/Library/Frameworks/Accelerate.framework/Versions/A/Frameworks/vImage.framework/Versions/A/Libraries/libCGInterfaces.dylib
0x00000001165eb000 	/usr/lib/libobjc-trampolines.dylib
0x00007fff650ba000 	/System/Library/PrivateFrameworks/ViewBridge.framework/Versions/A/ViewBridge
0x00007fff66348000 	/System/Library/PrivateFrameworks/login.framework/Versions/A/login
0x00007fff4ebfb000 	/System/Library/PrivateFrameworks/FontServices.framework/libTrueTypeScaler.dylib
0x00007fff2ada8000 	/System/Library/Extensions/AppleIntelKBLGraphicsMTLDriver.bundle/Contents/MacOS/AppleIntelKBLGraphicsMTLDriver
0x00007fff52185000 	/System/Library/PrivateFrameworks/GPUCompiler.framework/Versions/3902/Libraries/libmetal_timestamp.dylib
0x000000012ddcc000 	/Users/debailleuxjonathan/.javacpp/cache/javacpp-1.5.4-macosx-x86_64.jar/org/bytedeco/javacpp/macosx-x86_64/libjnijavacpp.dylib
0x000000012ddd8000 	/Users/debailleuxjonathan/.javacpp/cache/openblas-0.3.10-1.5.4-macosx-x86_64.jar/org/bytedeco/openblas/macosx-x86_64/libgcc_s.1.dylib
0x000000012ddf7000 	/Users/debailleuxjonathan/.javacpp/cache/openblas-0.3.10-1.5.4-macosx-x86_64.jar/org/bytedeco/openblas/macosx-x86_64/libquadmath.0.dylib
0x000000012de3c000 	/Users/debailleuxjonathan/.javacpp/cache/openblas-0.3.10-1.5.4-macosx-x86_64.jar/org/bytedeco/openblas/macosx-x86_64/libgfortran.4.dylib
0x000000012e037000 	/Users/debailleuxjonathan/.javacpp/cache/openblas-0.3.10-1.5.4-macosx-x86_64.jar/org/bytedeco/openblas/macosx-x86_64/libopenblas_nolapack.0.dylib
0x0000000137bc7000 	/Users/debailleuxjonathan/.javacpp/cache/openblas-0.3.10-1.5.4-macosx-x86_64.jar/org/bytedeco/openblas/macosx-x86_64/libjniopenblas_nolapack.dylib
0x0000000138004000 	/Users/debailleuxjonathan/.javacpp/cache/openblas-0.3.10-1.5.4-macosx-x86_64.jar/org/bytedeco/openblas/macosx-x86_64/libopenblas.0.dylib
0x0000000141b94000 	/Users/debailleuxjonathan/.javacpp/cache/openblas-0.3.10-1.5.4-macosx-x86_64.jar/org/bytedeco/openblas/macosx-x86_64/libjniopenblas.dylib
0x0000000143397000 	/Users/debailleuxjonathan/.javacpp/cache/opencv-4.4.0-1.5.4-macosx-x86_64.jar/org/bytedeco/opencv/macosx-x86_64/libopencv_core.4.4.dylib
0x00000001437f3000 	/Users/debailleuxjonathan/.javacpp/cache/opencv-4.4.0-1.5.4-macosx-x86_64.jar/org/bytedeco/opencv/macosx-x86_64/libopencv_imgproc.4.4.dylib
0x0000000143db7000 	/Users/debailleuxjonathan/.javacpp/cache/opencv-4.4.0-1.5.4-macosx-x86_64.jar/org/bytedeco/opencv/macosx-x86_64/libjniopencv_core.dylib
0x0000000144338000 	/Users/debailleuxjonathan/.openjfx/cache/15.0.1/libjavafx_font.dylib
0x000000014f38b000 	/Users/debailleuxjonathan/.javacpp/cache/opencv-4.4.0-1.5.4-macosx-x86_64.jar/org/bytedeco/opencv/macosx-x86_64/libjniopencv_imgproc.dylib
0x000000014f504000 	/Users/debailleuxjonathan/.javacpp/cache/opencv-4.4.0-1.5.4-macosx-x86_64.jar/org/bytedeco/opencv/macosx-x86_64/libopencv_imgcodecs.4.4.dylib
0x000000014f866000 	/Users/debailleuxjonathan/.javacpp/cache/opencv-4.4.0-1.5.4-macosx-x86_64.jar/org/bytedeco/opencv/macosx-x86_64/libjniopencv_imgcodecs.dylib
0x000000014f897000 	/Users/debailleuxjonathan/.javacpp/cache/opencv-4.4.0-1.5.4-macosx-x86_64.jar/org/bytedeco/opencv/macosx-x86_64/libopencv_videoio.4.4.dylib
0x00007fff2dc47000 	/System/Library/Frameworks/AVFoundation.framework/Versions/A/AVFoundation
0x00007fff2de43000 	/System/Library/Frameworks/AVFoundation.framework/Versions/A/Frameworks/AVFAudio.framework/Versions/A/AVFAudio
0x00007fff3369f000 	/System/Library/Frameworks/CoreMediaIO.framework/Versions/A/CoreMediaIO
0x00007fff68e1e000 	/usr/lib/libAudioStatistics.dylib
0x00007fff6638d000 	/System/Library/PrivateFrameworks/perfdata.framework/Versions/A/perfdata
0x00007fff6b32b000 	/usr/lib/libperfcheck.dylib
0x00007fff69316000 	/usr/lib/libSMC.dylib
0x000000014f8e0000 	/Users/debailleuxjonathan/.javacpp/cache/opencv-4.4.0-1.5.4-macosx-x86_64.jar/org/bytedeco/opencv/macosx-x86_64/libjniopencv_videoio.dylib
0x000000014f912000 	/System/Library/Frameworks/CoreMediaIO.framework/Resources/VDC.plugin/Contents/MacOS/VDC
0x000000014f97a000 	/System/Library/Frameworks/CoreMediaIO.framework/Resources/BaseUnits/CMIOBaseUnits.bundle/Contents/MacOS/CMIOBaseUnits
0x000000014faca000 	/System/Library/Frameworks/CoreMediaIO.framework/Resources/CMIOUnits.bundle/Contents/MacOS/CMIOUnits
0x00007fff4dff3000 	/System/Library/PrivateFrameworks/FWAVC.framework/Versions/A/FWAVC
0x00007fff31020000 	/System/Library/Frameworks/Carbon.framework/Versions/A/Carbon
0x00007fff31021000 	/System/Library/Frameworks/Carbon.framework/Versions/A/Frameworks/CommonPanels.framework/Versions/A/CommonPanels
0x00007fff3131a000 	/System/Library/Frameworks/Carbon.framework/Versions/A/Frameworks/Help.framework/Versions/A/Help
0x00007fff3131e000 	/System/Library/Frameworks/Carbon.framework/Versions/A/Frameworks/ImageCapture.framework/Versions/A/ImageCapture
0x00007fff31325000 	/System/Library/Frameworks/Carbon.framework/Versions/A/Frameworks/OpenScripting.framework/Versions/A/OpenScripting
0x00007fff31324000 	/System/Library/Frameworks/Carbon.framework/Versions/A/Frameworks/Ink.framework/Versions/A/Ink
0x00007fff31360000 	/System/Library/Frameworks/Carbon.framework/Versions/A/Frameworks/Print.framework/Versions/A/Print
0x00007fff31361000 	/System/Library/Frameworks/Carbon.framework/Versions/A/Frameworks/SecurityHI.framework/Versions/A/SecurityHI
0x000000014fba2000 	/System/Library/Components/AudioCodecs.component/Contents/MacOS/AudioCodecs
0x00007fff45cc9000 	/System/Library/PrivateFrameworks/AppleGVA.framework/Versions/A/AppleGVA
0x000000015021c000 	/usr/local/Cellar/openjdk/15.0.1/libexec/openjdk.jdk/Contents/Home/lib/libawt.dylib
0x00000001502d4000 	/usr/local/Cellar/openjdk/15.0.1/libexec/openjdk.jdk/Contents/Home/lib/libmlib_image.dylib
0x00007fff36d39000 	/System/Library/Frameworks/JavaVM.framework/Versions/A/Frameworks/JavaNativeFoundation.framework/Versions/A/JavaNativeFoundation
0x00007fff36d42000 	/System/Library/Frameworks/JavaVM.framework/Versions/A/Frameworks/JavaRuntimeSupport.framework/Versions/A/JavaRuntimeSupport
0x00007fff36d4a000 	/System/Library/Frameworks/JavaVM.framework/Versions/A/JavaVM
0x00007fff57714000 	/System/Library/PrivateFrameworks/JavaLaunching.framework/Versions/A/JavaLaunching
0x000000015036c000 	/usr/local/Cellar/openjdk/15.0.1/libexec/openjdk.jdk/Contents/Home/lib/libawt_lwawt.dylib
0x0000000150420000 	/usr/local/Cellar/openjdk/15.0.1/libexec/openjdk.jdk/Contents/Home/lib/libosxapp.dylib
0x00007fff348f9000 	/System/Library/Frameworks/ExceptionHandling.framework/Versions/A/ExceptionHandling
0x0000000150448000 	/usr/local/Cellar/openjdk/15.0.1/libexec/openjdk.jdk/Contents/Home/lib/libfontmanager.dylib
0x000000015056c000 	/usr/local/Cellar/openjdk/15.0.1/libexec/openjdk.jdk/Contents/Home/lib/libfreetype.dylib
0x0000000150fb9000 	/usr/local/Cellar/openjdk/15.0.1/libexec/openjdk.jdk/Contents/Home/lib/libjavajpeg.dylib
0x0000000156078000 	/private/var/folders/60/vkvlsrg573794zcqmyzjlnlr0000gn/T/tensorflow_native_libraries-1611315445634-0/libtensorflow_jni.dylib
0x0000000166fca000 	/private/var/folders/60/vkvlsrg573794zcqmyzjlnlr0000gn/T/tensorflow_native_libraries-1611315445634-0/libtensorflow_framework.1.dylib


VM Arguments:
jvm_args: --add-modules=javafx.controls,javafx.swing --module-path=/Users/debailleuxjonathan/.gradle/caches/modules-2/files-2.1/org.openjfx/javafx-swing/15.0.1/1dcabb4f0d50c00fc9cc92306131762fc4977abd/javafx-swing-15.0.1-mac.jar:/Users/debailleuxjonathan/.gradle/caches/modules-2/files-2.1/org.openjfx/javafx-controls/15.0.1/cb743a50156d7eca281bfc3547aff4d146972e02/javafx-controls-15.0.1-mac.jar:/Users/debailleuxjonathan/.gradle/caches/modules-2/files-2.1/org.openjfx/javafx-graphics/15.0.1/98ced13a06ad705ce0014df60794cedbf297080b/javafx-graphics-15.0.1-mac.jar:/Users/debailleuxjonathan/.gradle/caches/modules-2/files-2.1/org.openjfx/javafx-base/15.0.1/b91bc3dfc230b46f11146686648a42921de0c23/javafx-base-15.0.1-mac.jar -Dfile.encoding=UTF-8 -Duser.country=FR -Duser.language=fr -Duser.variant 
java_command: Main
java_class_path (initial): /Users/debailleuxjonathan/Desktop/SmartWebcam/build/classes/java/main:/Users/debailleuxjonathan/Desktop/SmartWebcam/build/resources/main:/Users/debailleuxjonathan/.gradle/caches/modules-2/files-2.1/org.tensorflow/tensorflow/1.15.0/e6a186dca82681e1e28615167e38859b99f82235/tensorflow-1.15.0.jar:/Users/debailleuxjonathan/.gradle/caches/modules-2/files-2.1/org.bytedeco/javacv-platform/1.5.4/6f61de317a592703d302247951140e0057055bd9/javacv-platform-1.5.4.jar:/Users/debailleuxjonathan/.gradle/caches/modules-2/files-2.1/org.openjfx/javafx-swing/15.0.1/1dcabb4f0d50c00fc9cc92306131762fc4977abd/javafx-swing-15.0.1-mac.jar:/Users/debailleuxjonathan/.gradle/caches/modules-2/files-2.1/org.openjfx/javafx-controls/15.0.1/cb743a50156d7eca281bfc3547aff4d146972e02/javafx-controls-15.0.1-mac.jar:/Users/debailleuxjonathan/.gradle/caches/modules-2/files-2.1/org.openjfx/javafx-graphics/15.0.1/98ced13a06ad705ce0014df60794cedbf297080b/javafx-graphics-15.0.1-mac.jar:/Users/debailleuxjonathan/.gradle/caches/modules-2/files-2.1/org.openjfx/javafx-graphics/15.0.1/55565f47d9d4e295f8bdeb8a6577e29b8bc29267/javafx-graphics-15.0.1.jar:/Users/debailleuxjonathan/.gradle/caches/modules-2/files-2.1/org.openjfx/javafx-base/15.0.1/b91bc3dfc230b46f11146686648a42921de0c23/javafx-base-15.0.1-mac.jar:/Users/debailleuxjonathan/.gradle/caches/modules-2/files-2.1/org.openjfx/javafx-base/15.0.1/88d5d4ad546e17904516fd05be69243e54144af4/javafx-base-15.0.1.jar:/Users/debailleuxjonathan/.gradle/caches/modules-2/files-2.1/org.tensorflow/libtensorflow/1.15.0/578c89321585d40dbcf7d038dd6c09f2ec744002/libtensorflow-1.15.0.jar:/Users/debailleuxjonathan/.gradle/caches/modules-2/files-2.1/org.tensorflow/libtensorflow_jni/1.15.0/e749c7ce289ad236914657a11b3c198f35ae5f41/libtensorflow_jni-1.15.0.jar:/Users/debailleuxjonathan/.gradle/caches/modules-2/files-2.1/org.bytedeco/javacv/1.5.4/84a401a2bcf3f041c150046e0c51d6fcdbd39792/javacv-1.5.4.jar:/Users/debailleuxjonathan/.gradle/caches/modules-2/files-2
Launcher Type: SUN_STANDARD

[Global flags]
     intx CICompilerCount                          = 4                                         {product} {ergonomic}
     uint ConcGCThreads                            = 2                                         {product} {ergonomic}
     uint G1ConcRefinementThreads                  = 8                                         {product} {ergonomic}
   size_t G1HeapRegionSize                         = 1048576                                   {product} {ergonomic}
    uintx GCDrainStackTargetSize                   = 64                                        {product} {ergonomic}
   size_t InitialHeapSize                          = 134217728                                 {product} {ergonomic}
   size_t MarkStackSize                            = 4194304                                   {product} {ergonomic}
   size_t MaxHeapSize                              = 2147483648                                {product} {ergonomic}
   size_t MaxNewSize                               = 1287651328                                {product} {ergonomic}
   size_t MinHeapDeltaBytes                        = 1048576                                   {product} {ergonomic}
   size_t MinHeapSize                              = 8388608                                   {product} {ergonomic}
    uintx NonNMethodCodeHeapSize                   = 5839372                                {pd product} {ergonomic}
    uintx NonProfiledCodeHeapSize                  = 122909434                              {pd product} {ergonomic}
    uintx ProfiledCodeHeapSize                     = 122909434                              {pd product} {ergonomic}
    uintx ReservedCodeCacheSize                    = 251658240                              {pd product} {ergonomic}
     bool SegmentedCodeCache                       = true                                      {product} {ergonomic}
   size_t SoftMaxHeapSize                          = 2147483648                             {manageable} {ergonomic}
     bool UseCompressedClassPointers               = true                                 {lp64_product} {ergonomic}
     bool UseCompressedOops                        = true                                 {lp64_product} {ergonomic}
     bool UseG1GC                                  = true                                      {product} {ergonomic}
     bool UseNUMA                                  = false                                     {product} {ergonomic}
     bool UseNUMAInterleaving                      = false                                     {product} {ergonomic}

Logging:
Log output configuration:
 #0: stdout all=warning uptime,level,tags
 #1: stderr all=off uptime,level,tags

Environment Variables:
JAVA_HOME=/usr/local/opt/openjdk/libexec/openjdk.jdk/Contents/Home
CLASSPATH=/usr/local/Cellar/gradle/6.8/libexec/lib/gradle-launcher-6.8.jar
PATH=/usr/local/bin:/usr/bin:/bin:/usr/sbin:/sbin:/Library/Apple/usr/bin
SHELL=/bin/zsh
LC_CTYPE=fr_FR.UTF-8

Signal Handlers:
SIGSEGV: [libjvm.dylib+0xa69a60], sa_mask[0]=11111111011111110111111111111111, sa_flags=SA_ONSTACK|SA_RESTART|SA_SIGINFO
SIGBUS: [libjvm.dylib+0xa69a60], sa_mask[0]=11111111011111110111111111111111, sa_flags=SA_RESTART|SA_SIGINFO
SIGFPE: [libjvm.dylib+0xa69a60], sa_mask[0]=11111111011111110111111111111111, sa_flags=SA_RESTART|SA_SIGINFO
SIGPIPE: [libjvm.dylib+0x82ae30], sa_mask[0]=11111111011111110111111111111111, sa_flags=SA_RESTART|SA_SIGINFO
SIGXFSZ: [libjvm.dylib+0x82ae30], sa_mask[0]=11111111011111110111111111111111, sa_flags=SA_RESTART|SA_SIGINFO
SIGILL: [libjvm.dylib+0xa69a60], sa_mask[0]=11111111011111110111111111111111, sa_flags=SA_RESTART|SA_SIGINFO
SIGUSR2: [libjvm.dylib+0x82b8d0], sa_mask[0]=00100000000000000000000000000000, sa_flags=SA_RESTART|SA_SIGINFO
SIGHUP: [libjvm.dylib+0x82a030], sa_mask[0]=11111111011111110111111111111111, sa_flags=SA_RESTART|SA_SIGINFO
SIGINT: [libjvm.dylib+0x82a030], sa_mask[0]=11111111011111110111111111111111, sa_flags=SA_RESTART|SA_SIGINFO
SIGTERM: [libjvm.dylib+0x82a030], sa_mask[0]=11111111011111110111111111111111, sa_flags=SA_RESTART|SA_SIGINFO
SIGQUIT: [libjvm.dylib+0x82a030], sa_mask[0]=11111111011111110111111111111111, sa_flags=SA_RESTART|SA_SIGINFO


---------------  S Y S T E M  ---------------

OS:uname: Darwin 19.5.0 Darwin Kernel Version 19.5.0: Tue May 26 20:41:44 PDT 2020; root:xnu-6153.121.2~2/RELEASE_X86_64 x86_64
OS uptime: 66 days 13:05 hours
rlimit (soft/hard): STACK 8192k/65532k , CORE 0k/infinity , NPROC 1392/2088 , NOFILE 10240/infinity , AS infinity/infinity , CPU infinity/infinity , DATA infinity/infinity , FSIZE infinity/infinity , MEMLOCK infinity/infinity , RSS infinity/infinity
load average: 5.06 5.20 4.48

CPU: total 8 (initial active 8) (4 cores per cpu, 2 threads per core) family 6 model 142 stepping 10 microcode 0xd6, cmov, cx8, fxsr, mmx, sse, sse2, sse3, ssse3, sse4.1, sse4.2, popcnt, vzeroupper, avx, avx2, aes, clmul, erms, 3dnowpref, lzcnt, ht, tsc, tscinvbit, bmi1, bmi2, adx, fma, clflush, clflushopt

Memory: 4k page, physical 8388608k(397896k free), swap 8388608k(1310464k free)

vm_info: OpenJDK 64-Bit Server VM (15.0.1+9) for bsd-amd64 JRE (15.0.1+9), built on Jan 17 2021 12:39:23 by "brew" with clang Apple LLVM 12.0.0 (clang-1200.0.32.28)

END.
